[2022-07-30 00:13:47,789] {manager.py:480} INFO - Processing files using up to 2 processes at a time 
[2022-07-30 00:13:47,795] {manager.py:481} INFO - Process each file at most once every 30 seconds
[2022-07-30 00:13:47,801] {manager.py:483} INFO - Checking for new files in /opt/airflow/dags every 300 seconds
[2022-07-30 00:13:47,803] {manager.py:690} INFO - Searching for files in /opt/airflow/dags
[2022-07-30 00:13:47,805] {manager.py:693} INFO - There are 0 files in /opt/airflow/dags
[2022-07-30 00:16:38,519] {manager.py:462} INFO - Exiting gracefully upon receiving signal 15
[2022-07-30 00:17:45,947] {manager.py:480} INFO - Processing files using up to 2 processes at a time 
[2022-07-30 00:17:45,948] {manager.py:481} INFO - Process each file at most once every 30 seconds
[2022-07-30 00:17:45,948] {manager.py:483} INFO - Checking for new files in /opt/airflow/dags every 300 seconds
[2022-07-30 00:17:45,949] {manager.py:690} INFO - Searching for files in /opt/airflow/dags
[2022-07-30 00:17:45,959] {manager.py:693} INFO - There are 1 files in /opt/airflow/dags
[2022-07-30 00:17:46,173] {manager.py:809} INFO - 
================================================================================
DAG File Processing Stats

File Path                         PID  Runtime      # DAGs    # Errors  Last Runtime    Last Run
------------------------------  -----  ---------  --------  ----------  --------------  ----------
/opt/airflow/dags/team2_dag.py     43  0.10s             0           0
================================================================================
[2022-07-30 00:18:16,420] {manager.py:809} INFO - 
================================================================================
DAG File Processing Stats

File Path                       PID    Runtime      # DAGs    # Errors  Last Runtime    Last Run
------------------------------  -----  ---------  --------  ----------  --------------  -------------------
/opt/airflow/dags/team2_dag.py                           1           0  0.61s           2022-07-30T00:17:46
================================================================================
[2022-07-30 00:18:46,489] {manager.py:809} INFO - 
================================================================================
DAG File Processing Stats

File Path                       PID    Runtime      # DAGs    # Errors  Last Runtime    Last Run
------------------------------  -----  ---------  --------  ----------  --------------  -------------------
/opt/airflow/dags/team2_dag.py                           1           0  1.59s           2022-07-30T00:18:18
================================================================================
[2022-07-30 00:19:16,594] {manager.py:809} INFO - 
================================================================================
DAG File Processing Stats

File Path                       PID    Runtime      # DAGs    # Errors  Last Runtime    Last Run
------------------------------  -----  ---------  --------  ----------  --------------  -------------------
/opt/airflow/dags/team2_dag.py                           1           0  0.37s           2022-07-30T00:18:48
================================================================================
[2022-07-30 00:19:47,060] {manager.py:809} INFO - 
================================================================================
DAG File Processing Stats

File Path                       PID    Runtime      # DAGs    # Errors  Last Runtime    Last Run
------------------------------  -----  ---------  --------  ----------  --------------  -------------------
/opt/airflow/dags/team2_dag.py                           1           0  0.33s           2022-07-30T00:19:19
================================================================================
[2022-07-30 00:20:17,465] {manager.py:809} INFO - 
================================================================================
DAG File Processing Stats

File Path                       PID    Runtime      # DAGs    # Errors  Last Runtime    Last Run
------------------------------  -----  ---------  --------  ----------  --------------  -------------------
/opt/airflow/dags/team2_dag.py                           1           0  0.47s           2022-07-30T00:19:49
================================================================================
[2022-07-30 00:20:48,017] {manager.py:809} INFO - 
================================================================================
DAG File Processing Stats

File Path                       PID    Runtime      # DAGs    # Errors  Last Runtime    Last Run
------------------------------  -----  ---------  --------  ----------  --------------  -------------------
/opt/airflow/dags/team2_dag.py                           1           0  0.30s           2022-07-30T00:20:20
================================================================================
[2022-07-30 00:21:18,396] {manager.py:809} INFO - 
================================================================================
DAG File Processing Stats

File Path                       PID    Runtime      # DAGs    # Errors  Last Runtime    Last Run
------------------------------  -----  ---------  --------  ----------  --------------  -------------------
/opt/airflow/dags/team2_dag.py                           1           0  0.34s           2022-07-30T00:20:50
================================================================================
[2022-07-30 00:21:48,817] {manager.py:809} INFO - 
================================================================================
DAG File Processing Stats

File Path                       PID    Runtime      # DAGs    # Errors  Last Runtime    Last Run
------------------------------  -----  ---------  --------  ----------  --------------  -------------------
/opt/airflow/dags/team2_dag.py                           1           0  0.38s           2022-07-30T00:21:21
================================================================================
[2022-07-30 00:22:19,267] {manager.py:809} INFO - 
================================================================================
DAG File Processing Stats

File Path                       PID    Runtime      # DAGs    # Errors  Last Runtime    Last Run
------------------------------  -----  ---------  --------  ----------  --------------  -------------------
/opt/airflow/dags/team2_dag.py                           1           0  0.37s           2022-07-30T00:21:51
================================================================================
[2022-07-30 00:22:46,069] {manager.py:690} INFO - Searching for files in /opt/airflow/dags
[2022-07-30 00:22:46,084] {manager.py:693} INFO - There are 1 files in /opt/airflow/dags
[2022-07-30 00:22:49,725] {manager.py:809} INFO - 
================================================================================
DAG File Processing Stats

File Path                       PID    Runtime      # DAGs    # Errors  Last Runtime    Last Run
------------------------------  -----  ---------  --------  ----------  --------------  -------------------
/opt/airflow/dags/team2_dag.py                           1           0  0.39s           2022-07-30T00:22:22
================================================================================
[2022-07-30 00:23:20,262] {manager.py:809} INFO - 
================================================================================
DAG File Processing Stats

File Path                       PID    Runtime      # DAGs    # Errors  Last Runtime    Last Run
------------------------------  -----  ---------  --------  ----------  --------------  -------------------
/opt/airflow/dags/team2_dag.py                           1           0  0.32s           2022-07-30T00:22:52
================================================================================
[2022-07-30 00:23:50,649] {manager.py:809} INFO - 
================================================================================
DAG File Processing Stats

File Path                       PID    Runtime      # DAGs    # Errors  Last Runtime    Last Run
------------------------------  -----  ---------  --------  ----------  --------------  -------------------
/opt/airflow/dags/team2_dag.py                           1           0  0.31s           2022-07-30T00:23:22
================================================================================
[2022-07-30 00:24:21,013] {manager.py:809} INFO - 
================================================================================
DAG File Processing Stats

File Path                       PID    Runtime      # DAGs    # Errors  Last Runtime    Last Run
------------------------------  -----  ---------  --------  ----------  --------------  -------------------
/opt/airflow/dags/team2_dag.py                           1           0  0.32s           2022-07-30T00:23:53
================================================================================
[2022-07-30 00:24:51,402] {manager.py:809} INFO - 
================================================================================
DAG File Processing Stats

File Path                       PID    Runtime      # DAGs    # Errors  Last Runtime    Last Run
------------------------------  -----  ---------  --------  ----------  --------------  -------------------
/opt/airflow/dags/team2_dag.py                           1           0  0.29s           2022-07-30T00:24:23
================================================================================
[2022-07-30 00:25:21,776] {manager.py:809} INFO - 
================================================================================
DAG File Processing Stats

File Path                       PID    Runtime      # DAGs    # Errors  Last Runtime    Last Run
------------------------------  -----  ---------  --------  ----------  --------------  -------------------
/opt/airflow/dags/team2_dag.py                           1           0  0.31s           2022-07-30T00:24:53
================================================================================
[2022-07-30 00:25:52,186] {manager.py:809} INFO - 
================================================================================
DAG File Processing Stats

File Path                       PID    Runtime      # DAGs    # Errors  Last Runtime    Last Run
------------------------------  -----  ---------  --------  ----------  --------------  -------------------
/opt/airflow/dags/team2_dag.py                           1           0  0.35s           2022-07-30T00:25:24
================================================================================
[2022-07-30 00:26:22,596] {manager.py:809} INFO - 
================================================================================
DAG File Processing Stats

File Path                       PID    Runtime      # DAGs    # Errors  Last Runtime    Last Run
------------------------------  -----  ---------  --------  ----------  --------------  -------------------
/opt/airflow/dags/team2_dag.py                           1           0  0.31s           2022-07-30T00:25:54
================================================================================
[2022-07-30 00:26:52,981] {manager.py:809} INFO - 
================================================================================
DAG File Processing Stats

File Path                       PID    Runtime      # DAGs    # Errors  Last Runtime    Last Run
------------------------------  -----  ---------  --------  ----------  --------------  -------------------
/opt/airflow/dags/team2_dag.py                           1           0  0.25s           2022-07-30T00:26:25
================================================================================
[2022-07-30 00:27:23,302] {manager.py:809} INFO - 
================================================================================
DAG File Processing Stats

File Path                       PID    Runtime      # DAGs    # Errors  Last Runtime    Last Run
------------------------------  -----  ---------  --------  ----------  --------------  -------------------
/opt/airflow/dags/team2_dag.py                           1           0  0.34s           2022-07-30T00:26:55
================================================================================
[2022-07-30 00:27:46,696] {manager.py:690} INFO - Searching for files in /opt/airflow/dags
[2022-07-30 00:27:46,701] {manager.py:693} INFO - There are 1 files in /opt/airflow/dags
[2022-07-30 00:27:53,761] {manager.py:809} INFO - 
================================================================================
DAG File Processing Stats

File Path                       PID    Runtime      # DAGs    # Errors  Last Runtime    Last Run
------------------------------  -----  ---------  --------  ----------  --------------  -------------------
/opt/airflow/dags/team2_dag.py                           1           0  0.36s           2022-07-30T00:27:25
================================================================================
[2022-07-30 00:28:24,143] {manager.py:809} INFO - 
================================================================================
DAG File Processing Stats

File Path                       PID    Runtime      # DAGs    # Errors  Last Runtime    Last Run
------------------------------  -----  ---------  --------  ----------  --------------  -------------------
/opt/airflow/dags/team2_dag.py                           1           0  0.24s           2022-07-30T00:27:56
================================================================================
[2022-07-30 00:28:54,433] {manager.py:809} INFO - 
================================================================================
DAG File Processing Stats

File Path                       PID    Runtime      # DAGs    # Errors  Last Runtime    Last Run
------------------------------  -----  ---------  --------  ----------  --------------  -------------------
/opt/airflow/dags/team2_dag.py                           1           0  0.38s           2022-07-30T00:28:26
================================================================================
[2022-07-30 00:29:24,912] {manager.py:809} INFO - 
================================================================================
DAG File Processing Stats

File Path                       PID    Runtime      # DAGs    # Errors  Last Runtime    Last Run
------------------------------  -----  ---------  --------  ----------  --------------  -------------------
/opt/airflow/dags/team2_dag.py                           1           0  0.30s           2022-07-30T00:28:57
================================================================================
[2022-07-30 00:29:55,291] {manager.py:809} INFO - 
================================================================================
DAG File Processing Stats

File Path                       PID    Runtime      # DAGs    # Errors  Last Runtime    Last Run
------------------------------  -----  ---------  --------  ----------  --------------  -------------------
/opt/airflow/dags/team2_dag.py                           1           0  0.28s           2022-07-30T00:29:27
================================================================================
[2022-07-30 00:30:25,644] {manager.py:809} INFO - 
================================================================================
DAG File Processing Stats

File Path                       PID    Runtime      # DAGs    # Errors  Last Runtime    Last Run
------------------------------  -----  ---------  --------  ----------  --------------  -------------------
/opt/airflow/dags/team2_dag.py                           1           0  0.26s           2022-07-30T00:29:57
================================================================================
[2022-07-30 00:30:55,976] {manager.py:809} INFO - 
================================================================================
DAG File Processing Stats

File Path                       PID    Runtime      # DAGs    # Errors  Last Runtime    Last Run
------------------------------  -----  ---------  --------  ----------  --------------  -------------------
/opt/airflow/dags/team2_dag.py                           1           0  0.26s           2022-07-30T00:30:28
================================================================================
[2022-07-30 00:31:26,281] {manager.py:809} INFO - 
================================================================================
DAG File Processing Stats

File Path                       PID    Runtime      # DAGs    # Errors  Last Runtime    Last Run
------------------------------  -----  ---------  --------  ----------  --------------  -------------------
/opt/airflow/dags/team2_dag.py                           1           0  0.25s           2022-07-30T00:30:58
================================================================================
[2022-07-30 00:31:56,608] {manager.py:809} INFO - 
================================================================================
DAG File Processing Stats

File Path                       PID    Runtime      # DAGs    # Errors  Last Runtime    Last Run
------------------------------  -----  ---------  --------  ----------  --------------  -------------------
/opt/airflow/dags/team2_dag.py                           1           0  0.32s           2022-07-30T00:31:28
================================================================================
[2022-07-30 00:32:27,032] {manager.py:809} INFO - 
================================================================================
DAG File Processing Stats

File Path                       PID    Runtime      # DAGs    # Errors  Last Runtime    Last Run
------------------------------  -----  ---------  --------  ----------  --------------  -------------------
/opt/airflow/dags/team2_dag.py                           1           0  0.41s           2022-07-30T00:31:59
================================================================================
[2022-07-30 00:32:46,808] {manager.py:690} INFO - Searching for files in /opt/airflow/dags
[2022-07-30 00:32:46,819] {manager.py:693} INFO - There are 1 files in /opt/airflow/dags
[2022-07-30 00:32:57,488] {manager.py:809} INFO - 
================================================================================
DAG File Processing Stats

File Path                       PID    Runtime      # DAGs    # Errors  Last Runtime    Last Run
------------------------------  -----  ---------  --------  ----------  --------------  -------------------
/opt/airflow/dags/team2_dag.py                           1           0  0.36s           2022-07-30T00:32:29
================================================================================
[2022-07-30 00:33:27,997] {manager.py:809} INFO - 
================================================================================
DAG File Processing Stats

File Path                       PID    Runtime      # DAGs    # Errors  Last Runtime    Last Run
------------------------------  -----  ---------  --------  ----------  --------------  -------------------
/opt/airflow/dags/team2_dag.py                           1           0  0.37s           2022-07-30T00:33:00
================================================================================
[2022-07-30 00:33:58,471] {manager.py:809} INFO - 
================================================================================
DAG File Processing Stats

File Path                       PID    Runtime      # DAGs    # Errors  Last Runtime    Last Run
------------------------------  -----  ---------  --------  ----------  --------------  -------------------
/opt/airflow/dags/team2_dag.py                           1           0  0.46s           2022-07-30T00:33:30
================================================================================
[2022-07-30 00:34:28,632] {manager.py:809} INFO - 
================================================================================
DAG File Processing Stats

File Path                       PID    Runtime      # DAGs    # Errors  Last Runtime    Last Run
------------------------------  -----  ---------  --------  ----------  --------------  -------------------
/opt/airflow/dags/team2_dag.py                           1           0  0.46s           2022-07-30T00:34:01
================================================================================
[2022-07-30 00:34:59,147] {manager.py:809} INFO - 
================================================================================
DAG File Processing Stats

File Path                       PID    Runtime      # DAGs    # Errors  Last Runtime    Last Run
------------------------------  -----  ---------  --------  ----------  --------------  -------------------
/opt/airflow/dags/team2_dag.py                           1           0  1.64s           2022-07-30T00:34:33
================================================================================
[2022-07-30 00:35:29,498] {manager.py:809} INFO - 
================================================================================
DAG File Processing Stats

File Path                       PID    Runtime      # DAGs    # Errors  Last Runtime    Last Run
------------------------------  -----  ---------  --------  ----------  --------------  -------------------
/opt/airflow/dags/team2_dag.py                           1           0  0.32s           2022-07-30T00:35:03
================================================================================
[2022-07-30 00:35:59,737] {manager.py:809} INFO - 
================================================================================
DAG File Processing Stats

File Path                       PID    Runtime      # DAGs    # Errors  Last Runtime    Last Run
------------------------------  -----  ---------  --------  ----------  --------------  -------------------
/opt/airflow/dags/team2_dag.py                           1           0  0.48s           2022-07-30T00:35:34
================================================================================
[2022-07-30 00:36:29,934] {manager.py:809} INFO - 
================================================================================
DAG File Processing Stats

File Path                       PID    Runtime      # DAGs    # Errors  Last Runtime    Last Run
------------------------------  -----  ---------  --------  ----------  --------------  -------------------
/opt/airflow/dags/team2_dag.py                           1           0  2.09s           2022-07-30T00:36:06
================================================================================
[2022-07-30 00:37:00,120] {manager.py:809} INFO - 
================================================================================
DAG File Processing Stats

File Path                       PID    Runtime      # DAGs    # Errors  Last Runtime    Last Run
------------------------------  -----  ---------  --------  ----------  --------------  -------------------
/opt/airflow/dags/team2_dag.py                           1           0  0.38s           2022-07-30T00:36:37
================================================================================
[2022-07-30 00:37:30,530] {manager.py:809} INFO - 
================================================================================
DAG File Processing Stats

File Path                       PID    Runtime      # DAGs    # Errors  Last Runtime    Last Run
------------------------------  -----  ---------  --------  ----------  --------------  -------------------
/opt/airflow/dags/team2_dag.py                           1           0  0.34s           2022-07-30T00:37:07
================================================================================
[2022-07-30 00:37:46,912] {manager.py:690} INFO - Searching for files in /opt/airflow/dags
[2022-07-30 00:37:46,926] {manager.py:693} INFO - There are 1 files in /opt/airflow/dags
[2022-07-30 00:38:01,017] {manager.py:809} INFO - 
================================================================================
DAG File Processing Stats

File Path                       PID    Runtime      # DAGs    # Errors  Last Runtime    Last Run
------------------------------  -----  ---------  --------  ----------  --------------  -------------------
/opt/airflow/dags/team2_dag.py                           1           0  0.35s           2022-07-30T00:37:38
================================================================================
[2022-07-30 00:38:31,393] {manager.py:809} INFO - 
================================================================================
DAG File Processing Stats

File Path                       PID    Runtime      # DAGs    # Errors  Last Runtime    Last Run
------------------------------  -----  ---------  --------  ----------  --------------  -------------------
/opt/airflow/dags/team2_dag.py                           1           0  0.35s           2022-07-30T00:38:08
================================================================================
[2022-07-30 00:39:01,821] {manager.py:809} INFO - 
================================================================================
DAG File Processing Stats

File Path                       PID    Runtime      # DAGs    # Errors  Last Runtime    Last Run
------------------------------  -----  ---------  --------  ----------  --------------  -------------------
/opt/airflow/dags/team2_dag.py                           1           0  0.37s           2022-07-30T00:38:39
================================================================================
[2022-07-30 00:39:32,250] {manager.py:809} INFO - 
================================================================================
DAG File Processing Stats

File Path                       PID    Runtime      # DAGs    # Errors  Last Runtime    Last Run
------------------------------  -----  ---------  --------  ----------  --------------  -------------------
/opt/airflow/dags/team2_dag.py                           1           0  0.30s           2022-07-30T00:39:09
================================================================================
[2022-07-30 00:40:02,651] {manager.py:809} INFO - 
================================================================================
DAG File Processing Stats

File Path                       PID    Runtime      # DAGs    # Errors  Last Runtime    Last Run
------------------------------  -----  ---------  --------  ----------  --------------  -------------------
/opt/airflow/dags/team2_dag.py                           1           0  0.31s           2022-07-30T00:39:39
================================================================================
[2022-07-30 00:40:33,022] {manager.py:809} INFO - 
================================================================================
DAG File Processing Stats

File Path                       PID    Runtime      # DAGs    # Errors  Last Runtime    Last Run
------------------------------  -----  ---------  --------  ----------  --------------  -------------------
/opt/airflow/dags/team2_dag.py                           1           0  0.30s           2022-07-30T00:40:10
================================================================================
[2022-07-30 00:41:03,419] {manager.py:809} INFO - 
================================================================================
DAG File Processing Stats

File Path                       PID    Runtime      # DAGs    # Errors  Last Runtime    Last Run
------------------------------  -----  ---------  --------  ----------  --------------  -------------------
/opt/airflow/dags/team2_dag.py                           1           0  0.31s           2022-07-30T00:40:40
================================================================================
[2022-07-30 00:41:33,795] {manager.py:809} INFO - 
================================================================================
DAG File Processing Stats

File Path                       PID    Runtime      # DAGs    # Errors  Last Runtime    Last Run
------------------------------  -----  ---------  --------  ----------  --------------  -------------------
/opt/airflow/dags/team2_dag.py                           1           0  0.39s           2022-07-30T00:41:11
================================================================================
[2022-07-30 00:42:04,245] {manager.py:809} INFO - 
================================================================================
DAG File Processing Stats

File Path                       PID    Runtime      # DAGs    # Errors  Last Runtime    Last Run
------------------------------  -----  ---------  --------  ----------  --------------  -------------------
/opt/airflow/dags/team2_dag.py                           1           0  0.30s           2022-07-30T00:41:41
================================================================================
[2022-07-30 00:42:34,900] {manager.py:809} INFO - 
================================================================================
DAG File Processing Stats

File Path                       PID    Runtime      # DAGs    # Errors  Last Runtime    Last Run
------------------------------  -----  ---------  --------  ----------  --------------  -------------------
/opt/airflow/dags/team2_dag.py                           1           0  0.56s           2022-07-30T00:42:23
================================================================================
[2022-07-30 00:42:46,933] {manager.py:690} INFO - Searching for files in /opt/airflow/dags
[2022-07-30 00:42:46,939] {manager.py:693} INFO - There are 1 files in /opt/airflow/dags
[2022-07-30 00:43:05,275] {manager.py:809} INFO - 
================================================================================
DAG File Processing Stats

File Path                       PID    Runtime      # DAGs    # Errors  Last Runtime    Last Run
------------------------------  -----  ---------  --------  ----------  --------------  -------------------
/opt/airflow/dags/team2_dag.py                           1           0  0.32s           2022-07-30T00:42:53
================================================================================
[2022-07-30 00:43:35,658] {manager.py:809} INFO - 
================================================================================
DAG File Processing Stats

File Path                       PID    Runtime      # DAGs    # Errors  Last Runtime    Last Run
------------------------------  -----  ---------  --------  ----------  --------------  -------------------
/opt/airflow/dags/team2_dag.py                           1           0  0.40s           2022-07-30T00:43:24
================================================================================
[2022-07-30 00:44:06,144] {manager.py:809} INFO - 
================================================================================
DAG File Processing Stats

File Path                       PID    Runtime      # DAGs    # Errors  Last Runtime    Last Run
------------------------------  -----  ---------  --------  ----------  --------------  -------------------
/opt/airflow/dags/team2_dag.py                           1           0  0.40s           2022-07-30T00:43:54
================================================================================
[2022-07-30 00:44:36,625] {manager.py:809} INFO - 
================================================================================
DAG File Processing Stats

File Path                       PID    Runtime      # DAGs    # Errors  Last Runtime    Last Run
------------------------------  -----  ---------  --------  ----------  --------------  -------------------
/opt/airflow/dags/team2_dag.py                           1           0  0.33s           2022-07-30T00:44:24
================================================================================
[2022-07-30 00:45:06,743] {manager.py:809} INFO - 
================================================================================
DAG File Processing Stats

File Path                       PID    Runtime      # DAGs    # Errors  Last Runtime    Last Run
------------------------------  -----  ---------  --------  ----------  --------------  -------------------
/opt/airflow/dags/team2_dag.py                           1           0  0.71s           2022-07-30T00:44:55
================================================================================
[2022-07-30 00:45:36,903] {manager.py:809} INFO - 
================================================================================
DAG File Processing Stats

File Path                       PID    Runtime      # DAGs    # Errors  Last Runtime    Last Run
------------------------------  -----  ---------  --------  ----------  --------------  -------------------
/opt/airflow/dags/team2_dag.py                           1           0  2.04s           2022-07-30T00:45:27
================================================================================
[2022-07-30 00:46:07,111] {manager.py:809} INFO - 
================================================================================
DAG File Processing Stats

File Path                       PID    Runtime      # DAGs    # Errors  Last Runtime    Last Run
------------------------------  -----  ---------  --------  ----------  --------------  -------------------
/opt/airflow/dags/team2_dag.py                           1           0  0.35s           2022-07-30T00:45:58
================================================================================
[2022-07-30 00:46:37,671] {manager.py:809} INFO - 
================================================================================
DAG File Processing Stats

File Path                       PID    Runtime      # DAGs    # Errors  Last Runtime    Last Run
------------------------------  -----  ---------  --------  ----------  --------------  -------------------
/opt/airflow/dags/team2_dag.py                           1           0  0.44s           2022-07-30T00:46:28
================================================================================
[2022-07-30 00:47:08,174] {manager.py:809} INFO - 
================================================================================
DAG File Processing Stats

File Path                       PID    Runtime      # DAGs    # Errors  Last Runtime    Last Run
------------------------------  -----  ---------  --------  ----------  --------------  -------------------
/opt/airflow/dags/team2_dag.py                           1           0  1.49s           2022-07-30T00:47:00
================================================================================
[2022-07-30 00:47:38,260] {manager.py:809} INFO - 
================================================================================
DAG File Processing Stats

File Path                       PID    Runtime      # DAGs    # Errors  Last Runtime    Last Run
------------------------------  -----  ---------  --------  ----------  --------------  -------------------
/opt/airflow/dags/team2_dag.py                           1           0  1.52s           2022-07-30T00:47:32
================================================================================
[2022-07-30 00:47:47,286] {manager.py:690} INFO - Searching for files in /opt/airflow/dags
[2022-07-30 00:47:47,300] {manager.py:693} INFO - There are 1 files in /opt/airflow/dags
[2022-07-30 00:48:08,439] {manager.py:809} INFO - 
================================================================================
DAG File Processing Stats

File Path                       PID    Runtime      # DAGs    # Errors  Last Runtime    Last Run
------------------------------  -----  ---------  --------  ----------  --------------  -------------------
/opt/airflow/dags/team2_dag.py                           1           0  0.39s           2022-07-30T00:48:02
================================================================================
[2022-07-30 00:48:38,911] {manager.py:809} INFO - 
================================================================================
DAG File Processing Stats

File Path                       PID    Runtime      # DAGs    # Errors  Last Runtime    Last Run
------------------------------  -----  ---------  --------  ----------  --------------  -------------------
/opt/airflow/dags/team2_dag.py                           1           0  0.29s           2022-07-30T00:48:33
================================================================================
[2022-07-30 00:49:09,272] {manager.py:809} INFO - 
================================================================================
DAG File Processing Stats

File Path                       PID    Runtime      # DAGs    # Errors  Last Runtime    Last Run
------------------------------  -----  ---------  --------  ----------  --------------  -------------------
/opt/airflow/dags/team2_dag.py                           1           0  0.34s           2022-07-30T00:49:03
================================================================================
[2022-07-30 00:49:39,685] {manager.py:809} INFO - 
================================================================================
DAG File Processing Stats

File Path                       PID    Runtime      # DAGs    # Errors  Last Runtime    Last Run
------------------------------  -----  ---------  --------  ----------  --------------  -------------------
/opt/airflow/dags/team2_dag.py                           1           0  0.31s           2022-07-30T00:49:33
================================================================================
[2022-07-30 00:50:10,077] {manager.py:809} INFO - 
================================================================================
DAG File Processing Stats

File Path                       PID    Runtime      # DAGs    # Errors  Last Runtime    Last Run
------------------------------  -----  ---------  --------  ----------  --------------  -------------------
/opt/airflow/dags/team2_dag.py                           1           0  0.34s           2022-07-30T00:50:04
================================================================================
[2022-07-30 00:50:40,481] {manager.py:809} INFO - 
================================================================================
DAG File Processing Stats

File Path                       PID    Runtime      # DAGs    # Errors  Last Runtime    Last Run
------------------------------  -----  ---------  --------  ----------  --------------  -------------------
/opt/airflow/dags/team2_dag.py                           1           0  0.36s           2022-07-30T00:50:34
================================================================================
[2022-07-30 00:51:10,915] {manager.py:809} INFO - 
================================================================================
DAG File Processing Stats

File Path                       PID    Runtime      # DAGs    # Errors  Last Runtime    Last Run
------------------------------  -----  ---------  --------  ----------  --------------  -------------------
/opt/airflow/dags/team2_dag.py                           1           0  0.30s           2022-07-30T00:51:05
================================================================================
[2022-07-30 00:51:41,278] {manager.py:809} INFO - 
================================================================================
DAG File Processing Stats

File Path                       PID    Runtime      # DAGs    # Errors  Last Runtime    Last Run
------------------------------  -----  ---------  --------  ----------  --------------  -------------------
/opt/airflow/dags/team2_dag.py                           1           0  0.38s           2022-07-30T00:51:35
================================================================================
[2022-07-30 00:52:11,744] {manager.py:809} INFO - 
================================================================================
DAG File Processing Stats

File Path                       PID    Runtime      # DAGs    # Errors  Last Runtime    Last Run
------------------------------  -----  ---------  --------  ----------  --------------  -------------------
/opt/airflow/dags/team2_dag.py                           1           0  0.28s           2022-07-30T00:52:05
================================================================================
[2022-07-30 00:52:42,088] {manager.py:809} INFO - 
================================================================================
DAG File Processing Stats

File Path                       PID    Runtime      # DAGs    # Errors  Last Runtime    Last Run
------------------------------  -----  ---------  --------  ----------  --------------  -------------------
/opt/airflow/dags/team2_dag.py                           1           0  0.51s           2022-07-30T00:52:27
================================================================================
[2022-07-30 00:52:47,351] {manager.py:690} INFO - Searching for files in /opt/airflow/dags
[2022-07-30 00:52:47,356] {manager.py:693} INFO - There are 1 files in /opt/airflow/dags
[2022-07-30 00:53:12,481] {manager.py:809} INFO - 
================================================================================
DAG File Processing Stats

File Path                       PID    Runtime      # DAGs    # Errors  Last Runtime    Last Run
------------------------------  -----  ---------  --------  ----------  --------------  -------------------
/opt/airflow/dags/team2_dag.py                           1           0  0.28s           2022-07-30T00:52:57
================================================================================
[2022-07-30 00:53:42,823] {manager.py:809} INFO - 
================================================================================
DAG File Processing Stats

File Path                       PID    Runtime      # DAGs    # Errors  Last Runtime    Last Run
------------------------------  -----  ---------  --------  ----------  --------------  -------------------
/opt/airflow/dags/team2_dag.py                           1           0  0.39s           2022-07-30T00:53:28
================================================================================
[2022-07-30 00:54:13,291] {manager.py:809} INFO - 
================================================================================
DAG File Processing Stats

File Path                       PID    Runtime      # DAGs    # Errors  Last Runtime    Last Run
------------------------------  -----  ---------  --------  ----------  --------------  -------------------
/opt/airflow/dags/team2_dag.py                           1           0  0.33s           2022-07-30T00:53:58
================================================================================
[2022-07-30 00:54:43,712] {manager.py:809} INFO - 
================================================================================
DAG File Processing Stats

File Path                       PID    Runtime      # DAGs    # Errors  Last Runtime    Last Run
------------------------------  -----  ---------  --------  ----------  --------------  -------------------
/opt/airflow/dags/team2_dag.py                           1           0  0.30s           2022-07-30T00:54:28
================================================================================
[2022-07-30 00:55:14,093] {manager.py:809} INFO - 
================================================================================
DAG File Processing Stats

File Path                       PID    Runtime      # DAGs    # Errors  Last Runtime    Last Run
------------------------------  -----  ---------  --------  ----------  --------------  -------------------
/opt/airflow/dags/team2_dag.py                           1           0  0.33s           2022-07-30T00:54:59
================================================================================
[2022-07-30 00:55:44,521] {manager.py:809} INFO - 
================================================================================
DAG File Processing Stats

File Path                       PID    Runtime      # DAGs    # Errors  Last Runtime    Last Run
------------------------------  -----  ---------  --------  ----------  --------------  -------------------
/opt/airflow/dags/team2_dag.py                           1           0  0.33s           2022-07-30T00:55:29
================================================================================
[2022-07-30 00:56:14,884] {manager.py:809} INFO - 
================================================================================
DAG File Processing Stats

File Path                       PID    Runtime      # DAGs    # Errors  Last Runtime    Last Run
------------------------------  -----  ---------  --------  ----------  --------------  -------------------
/opt/airflow/dags/team2_dag.py                           1           0  0.44s           2022-07-30T00:56:00
================================================================================
[2022-07-30 00:56:45,424] {manager.py:809} INFO - 
================================================================================
DAG File Processing Stats

File Path                       PID    Runtime      # DAGs    # Errors  Last Runtime    Last Run
------------------------------  -----  ---------  --------  ----------  --------------  -------------------
/opt/airflow/dags/team2_dag.py                           1           0  0.30s           2022-07-30T00:56:30
================================================================================
[2022-07-30 00:57:15,790] {manager.py:809} INFO - 
================================================================================
DAG File Processing Stats

File Path                       PID    Runtime      # DAGs    # Errors  Last Runtime    Last Run
------------------------------  -----  ---------  --------  ----------  --------------  -------------------
/opt/airflow/dags/team2_dag.py                           1           0  0.39s           2022-07-30T00:57:01
================================================================================
[2022-07-30 00:57:46,613] {manager.py:809} INFO - 
================================================================================
DAG File Processing Stats

File Path                       PID    Runtime      # DAGs    # Errors  Last Runtime    Last Run
------------------------------  -----  ---------  --------  ----------  --------------  -------------------
/opt/airflow/dags/team2_dag.py                           1           0  0.36s           2022-07-30T00:57:37
================================================================================
[2022-07-30 00:57:47,617] {manager.py:690} INFO - Searching for files in /opt/airflow/dags
[2022-07-30 00:57:47,620] {manager.py:693} INFO - There are 1 files in /opt/airflow/dags
[2022-07-30 00:58:16,765] {manager.py:809} INFO - 
================================================================================
DAG File Processing Stats

File Path                       PID    Runtime      # DAGs    # Errors  Last Runtime    Last Run
------------------------------  -----  ---------  --------  ----------  --------------  -------------------
/opt/airflow/dags/team2_dag.py                           1           0  0.27s           2022-07-30T00:58:07
================================================================================
[2022-07-30 00:58:47,096] {manager.py:809} INFO - 
================================================================================
DAG File Processing Stats

File Path                       PID    Runtime      # DAGs    # Errors  Last Runtime    Last Run
------------------------------  -----  ---------  --------  ----------  --------------  -------------------
/opt/airflow/dags/team2_dag.py                           1           0  0.33s           2022-07-30T00:58:38
================================================================================
[2022-07-30 00:59:17,502] {manager.py:809} INFO - 
================================================================================
DAG File Processing Stats

File Path                       PID    Runtime      # DAGs    # Errors  Last Runtime    Last Run
------------------------------  -----  ---------  --------  ----------  --------------  -------------------
/opt/airflow/dags/team2_dag.py                           1           0  0.35s           2022-07-30T00:59:08
================================================================================
[2022-07-30 00:59:47,921] {manager.py:809} INFO - 
================================================================================
DAG File Processing Stats

File Path                       PID    Runtime      # DAGs    # Errors  Last Runtime    Last Run
------------------------------  -----  ---------  --------  ----------  --------------  -------------------
/opt/airflow/dags/team2_dag.py                           1           0  0.41s           2022-07-30T00:59:19
================================================================================
[2022-07-30 01:00:18,442] {manager.py:809} INFO - 
================================================================================
DAG File Processing Stats

File Path                       PID    Runtime      # DAGs    # Errors  Last Runtime    Last Run
------------------------------  -----  ---------  --------  ----------  --------------  -------------------
/opt/airflow/dags/team2_dag.py                           1           0  0.30s           2022-07-30T00:59:49
================================================================================
[2022-07-30 01:00:48,794] {manager.py:809} INFO - 
================================================================================
DAG File Processing Stats

File Path                       PID    Runtime      # DAGs    # Errors  Last Runtime    Last Run
------------------------------  -----  ---------  --------  ----------  --------------  -------------------
/opt/airflow/dags/team2_dag.py                           1           0  0.26s           2022-07-30T01:00:19
================================================================================
[2022-07-30 01:01:19,131] {manager.py:809} INFO - 
================================================================================
DAG File Processing Stats

File Path                       PID    Runtime      # DAGs    # Errors  Last Runtime    Last Run
------------------------------  -----  ---------  --------  ----------  --------------  -------------------
/opt/airflow/dags/team2_dag.py                           1           0  0.24s           2022-07-30T01:00:50
================================================================================
[2022-07-30 01:01:49,421] {manager.py:809} INFO - 
================================================================================
DAG File Processing Stats

File Path                       PID    Runtime      # DAGs    # Errors  Last Runtime    Last Run
------------------------------  -----  ---------  --------  ----------  --------------  -------------------
/opt/airflow/dags/team2_dag.py                           1           0  0.28s           2022-07-30T01:01:20
================================================================================
[2022-07-30 01:02:19,806] {manager.py:809} INFO - 
================================================================================
DAG File Processing Stats

File Path                       PID    Runtime      # DAGs    # Errors  Last Runtime    Last Run
------------------------------  -----  ---------  --------  ----------  --------------  -------------------
/opt/airflow/dags/team2_dag.py                           1           0  0.26s           2022-07-30T01:01:50
================================================================================
[2022-07-30 01:02:48,115] {manager.py:690} INFO - Searching for files in /opt/airflow/dags
[2022-07-30 01:02:48,124] {manager.py:693} INFO - There are 1 files in /opt/airflow/dags
[2022-07-30 01:02:50,200] {manager.py:809} INFO - 
================================================================================
DAG File Processing Stats

File Path                       PID    Runtime      # DAGs    # Errors  Last Runtime    Last Run
------------------------------  -----  ---------  --------  ----------  --------------  -------------------
/opt/airflow/dags/team2_dag.py                           1           0  0.31s           2022-07-30T01:02:21
================================================================================
[2022-07-30 01:03:12,927] {manager.py:462} INFO - Exiting gracefully upon receiving signal 15
