[2022-07-30 00:17:46,134] {processor.py:153} INFO - Started process (PID=43) to work on /opt/airflow/dags/team2_dag.py
[2022-07-30 00:17:46,147] {processor.py:641} INFO - Processing file /opt/airflow/dags/team2_dag.py for tasks to queue
[2022-07-30 00:17:46,151] {logging_mixin.py:115} INFO - [2022-07-30 00:17:46,149] {dagbag.py:507} INFO - Filling up the DagBag from /opt/airflow/dags/team2_dag.py
[2022-07-30 00:17:46,238] {processor.py:651} INFO - DAG(s) dict_keys(['my_dag']) retrieved from /opt/airflow/dags/team2_dag.py
[2022-07-30 00:17:46,541] {logging_mixin.py:115} INFO - [2022-07-30 00:17:46,540] {manager.py:508} INFO - Created Permission View: can delete on DAG:my_dag
[2022-07-30 00:17:46,557] {logging_mixin.py:115} INFO - [2022-07-30 00:17:46,557] {manager.py:508} INFO - Created Permission View: can read on DAG:my_dag
[2022-07-30 00:17:46,569] {logging_mixin.py:115} INFO - [2022-07-30 00:17:46,569] {manager.py:508} INFO - Created Permission View: can edit on DAG:my_dag
[2022-07-30 00:17:46,569] {logging_mixin.py:115} INFO - [2022-07-30 00:17:46,569] {dag.py:2379} INFO - Sync 1 DAGs
[2022-07-30 00:17:46,590] {logging_mixin.py:115} INFO - [2022-07-30 00:17:46,590] {dag.py:2398} INFO - Creating ORM DAG for my_dag
[2022-07-30 00:17:46,626] {logging_mixin.py:115} INFO - [2022-07-30 00:17:46,625] {dag.py:2931} INFO - Setting next_dagrun for my_dag to 2022-07-29T00:00:00+00:00, run_after=2022-07-30T00:00:00+00:00
[2022-07-30 00:17:46,650] {processor.py:161} INFO - Processing /opt/airflow/dags/team2_dag.py took 0.546 seconds
[2022-07-30 00:18:16,927] {processor.py:153} INFO - Started process (PID=64) to work on /opt/airflow/dags/team2_dag.py
[2022-07-30 00:18:16,932] {processor.py:641} INFO - Processing file /opt/airflow/dags/team2_dag.py for tasks to queue
[2022-07-30 00:18:16,942] {logging_mixin.py:115} INFO - [2022-07-30 00:18:16,941] {dagbag.py:507} INFO - Filling up the DagBag from /opt/airflow/dags/team2_dag.py
[2022-07-30 00:18:17,354] {processor.py:651} INFO - DAG(s) dict_keys(['my_dag']) retrieved from /opt/airflow/dags/team2_dag.py
[2022-07-30 00:18:17,963] {logging_mixin.py:115} INFO - [2022-07-30 00:18:17,962] {dag.py:2379} INFO - Sync 1 DAGs
[2022-07-30 00:18:18,264] {logging_mixin.py:115} INFO - [2022-07-30 00:18:18,263] {dag.py:2931} INFO - Setting next_dagrun for my_dag to 2022-07-29T00:00:00+00:00, run_after=2022-07-30T00:00:00+00:00
[2022-07-30 00:18:18,375] {processor.py:161} INFO - Processing /opt/airflow/dags/team2_dag.py took 1.509 seconds
[2022-07-30 00:18:48,530] {processor.py:153} INFO - Started process (PID=86) to work on /opt/airflow/dags/team2_dag.py
[2022-07-30 00:18:48,532] {processor.py:641} INFO - Processing file /opt/airflow/dags/team2_dag.py for tasks to queue
[2022-07-30 00:18:48,534] {logging_mixin.py:115} INFO - [2022-07-30 00:18:48,533] {dagbag.py:507} INFO - Filling up the DagBag from /opt/airflow/dags/team2_dag.py
[2022-07-30 00:18:48,585] {processor.py:651} INFO - DAG(s) dict_keys(['my_dag']) retrieved from /opt/airflow/dags/team2_dag.py
[2022-07-30 00:18:48,721] {logging_mixin.py:115} INFO - [2022-07-30 00:18:48,721] {dag.py:2379} INFO - Sync 1 DAGs
[2022-07-30 00:18:48,805] {logging_mixin.py:115} INFO - [2022-07-30 00:18:48,804] {dag.py:2931} INFO - Setting next_dagrun for my_dag to 2022-07-29T00:00:00+00:00, run_after=2022-07-30T00:00:00+00:00
[2022-07-30 00:18:48,855] {processor.py:161} INFO - Processing /opt/airflow/dags/team2_dag.py took 0.337 seconds
[2022-07-30 00:19:18,978] {processor.py:153} INFO - Started process (PID=106) to work on /opt/airflow/dags/team2_dag.py
[2022-07-30 00:19:18,980] {processor.py:641} INFO - Processing file /opt/airflow/dags/team2_dag.py for tasks to queue
[2022-07-30 00:19:18,982] {logging_mixin.py:115} INFO - [2022-07-30 00:19:18,981] {dagbag.py:507} INFO - Filling up the DagBag from /opt/airflow/dags/team2_dag.py
[2022-07-30 00:19:19,028] {processor.py:651} INFO - DAG(s) dict_keys(['my_dag']) retrieved from /opt/airflow/dags/team2_dag.py
[2022-07-30 00:19:19,144] {logging_mixin.py:115} INFO - [2022-07-30 00:19:19,144] {dag.py:2379} INFO - Sync 1 DAGs
[2022-07-30 00:19:19,226] {logging_mixin.py:115} INFO - [2022-07-30 00:19:19,226] {dag.py:2931} INFO - Setting next_dagrun for my_dag to 2022-07-29T00:00:00+00:00, run_after=2022-07-30T00:00:00+00:00
[2022-07-30 00:19:19,270] {processor.py:161} INFO - Processing /opt/airflow/dags/team2_dag.py took 0.304 seconds
[2022-07-30 00:19:49,416] {processor.py:153} INFO - Started process (PID=128) to work on /opt/airflow/dags/team2_dag.py
[2022-07-30 00:19:49,419] {processor.py:641} INFO - Processing file /opt/airflow/dags/team2_dag.py for tasks to queue
[2022-07-30 00:19:49,422] {logging_mixin.py:115} INFO - [2022-07-30 00:19:49,422] {dagbag.py:507} INFO - Filling up the DagBag from /opt/airflow/dags/team2_dag.py
[2022-07-30 00:19:49,509] {processor.py:651} INFO - DAG(s) dict_keys(['my_dag']) retrieved from /opt/airflow/dags/team2_dag.py
[2022-07-30 00:19:49,654] {logging_mixin.py:115} INFO - [2022-07-30 00:19:49,654] {dag.py:2379} INFO - Sync 1 DAGs
[2022-07-30 00:19:49,763] {logging_mixin.py:115} INFO - [2022-07-30 00:19:49,763] {dag.py:2931} INFO - Setting next_dagrun for my_dag to 2022-07-29T00:00:00+00:00, run_after=2022-07-30T00:00:00+00:00
[2022-07-30 00:19:49,822] {processor.py:161} INFO - Processing /opt/airflow/dags/team2_dag.py took 0.427 seconds
[2022-07-30 00:20:19,950] {processor.py:153} INFO - Started process (PID=149) to work on /opt/airflow/dags/team2_dag.py
[2022-07-30 00:20:19,953] {processor.py:641} INFO - Processing file /opt/airflow/dags/team2_dag.py for tasks to queue
[2022-07-30 00:20:19,954] {logging_mixin.py:115} INFO - [2022-07-30 00:20:19,954] {dagbag.py:507} INFO - Filling up the DagBag from /opt/airflow/dags/team2_dag.py
[2022-07-30 00:20:19,989] {processor.py:651} INFO - DAG(s) dict_keys(['my_dag']) retrieved from /opt/airflow/dags/team2_dag.py
[2022-07-30 00:20:20,094] {logging_mixin.py:115} INFO - [2022-07-30 00:20:20,094] {dag.py:2379} INFO - Sync 1 DAGs
[2022-07-30 00:20:20,169] {logging_mixin.py:115} INFO - [2022-07-30 00:20:20,168] {dag.py:2931} INFO - Setting next_dagrun for my_dag to 2022-07-29T00:00:00+00:00, run_after=2022-07-30T00:00:00+00:00
[2022-07-30 00:20:20,203] {processor.py:161} INFO - Processing /opt/airflow/dags/team2_dag.py took 0.264 seconds
[2022-07-30 00:20:50,339] {processor.py:153} INFO - Started process (PID=171) to work on /opt/airflow/dags/team2_dag.py
[2022-07-30 00:20:50,341] {processor.py:641} INFO - Processing file /opt/airflow/dags/team2_dag.py for tasks to queue
[2022-07-30 00:20:50,343] {logging_mixin.py:115} INFO - [2022-07-30 00:20:50,343] {dagbag.py:507} INFO - Filling up the DagBag from /opt/airflow/dags/team2_dag.py
[2022-07-30 00:20:50,379] {processor.py:651} INFO - DAG(s) dict_keys(['my_dag']) retrieved from /opt/airflow/dags/team2_dag.py
[2022-07-30 00:20:50,471] {logging_mixin.py:115} INFO - [2022-07-30 00:20:50,470] {dag.py:2379} INFO - Sync 1 DAGs
[2022-07-30 00:20:50,586] {logging_mixin.py:115} INFO - [2022-07-30 00:20:50,585] {dag.py:2931} INFO - Setting next_dagrun for my_dag to 2022-07-29T00:00:00+00:00, run_after=2022-07-30T00:00:00+00:00
[2022-07-30 00:20:50,635] {processor.py:161} INFO - Processing /opt/airflow/dags/team2_dag.py took 0.311 seconds
[2022-07-30 00:21:20,780] {processor.py:153} INFO - Started process (PID=194) to work on /opt/airflow/dags/team2_dag.py
[2022-07-30 00:21:20,786] {processor.py:641} INFO - Processing file /opt/airflow/dags/team2_dag.py for tasks to queue
[2022-07-30 00:21:20,789] {logging_mixin.py:115} INFO - [2022-07-30 00:21:20,788] {dagbag.py:507} INFO - Filling up the DagBag from /opt/airflow/dags/team2_dag.py
[2022-07-30 00:21:20,836] {processor.py:651} INFO - DAG(s) dict_keys(['my_dag']) retrieved from /opt/airflow/dags/team2_dag.py
[2022-07-30 00:21:20,934] {logging_mixin.py:115} INFO - [2022-07-30 00:21:20,934] {dag.py:2379} INFO - Sync 1 DAGs
[2022-07-30 00:21:21,022] {logging_mixin.py:115} INFO - [2022-07-30 00:21:21,022] {dag.py:2931} INFO - Setting next_dagrun for my_dag to 2022-07-29T00:00:00+00:00, run_after=2022-07-30T00:00:00+00:00
[2022-07-30 00:21:21,081] {processor.py:161} INFO - Processing /opt/airflow/dags/team2_dag.py took 0.335 seconds
[2022-07-30 00:21:51,242] {processor.py:153} INFO - Started process (PID=215) to work on /opt/airflow/dags/team2_dag.py
[2022-07-30 00:21:51,252] {processor.py:641} INFO - Processing file /opt/airflow/dags/team2_dag.py for tasks to queue
[2022-07-30 00:21:51,254] {logging_mixin.py:115} INFO - [2022-07-30 00:21:51,253] {dagbag.py:507} INFO - Filling up the DagBag from /opt/airflow/dags/team2_dag.py
[2022-07-30 00:21:51,290] {processor.py:651} INFO - DAG(s) dict_keys(['my_dag']) retrieved from /opt/airflow/dags/team2_dag.py
[2022-07-30 00:21:51,384] {logging_mixin.py:115} INFO - [2022-07-30 00:21:51,384] {dag.py:2379} INFO - Sync 1 DAGs
[2022-07-30 00:21:51,473] {logging_mixin.py:115} INFO - [2022-07-30 00:21:51,473] {dag.py:2931} INFO - Setting next_dagrun for my_dag to 2022-07-29T00:00:00+00:00, run_after=2022-07-30T00:00:00+00:00
[2022-07-30 00:21:51,531] {processor.py:161} INFO - Processing /opt/airflow/dags/team2_dag.py took 0.306 seconds
[2022-07-30 00:22:21,659] {processor.py:153} INFO - Started process (PID=237) to work on /opt/airflow/dags/team2_dag.py
[2022-07-30 00:22:21,661] {processor.py:641} INFO - Processing file /opt/airflow/dags/team2_dag.py for tasks to queue
[2022-07-30 00:22:21,663] {logging_mixin.py:115} INFO - [2022-07-30 00:22:21,663] {dagbag.py:507} INFO - Filling up the DagBag from /opt/airflow/dags/team2_dag.py
[2022-07-30 00:22:21,715] {processor.py:651} INFO - DAG(s) dict_keys(['my_dag']) retrieved from /opt/airflow/dags/team2_dag.py
[2022-07-30 00:22:21,828] {logging_mixin.py:115} INFO - [2022-07-30 00:22:21,828] {dag.py:2379} INFO - Sync 1 DAGs
[2022-07-30 00:22:21,917] {logging_mixin.py:115} INFO - [2022-07-30 00:22:21,916] {dag.py:2931} INFO - Setting next_dagrun for my_dag to 2022-07-29T00:00:00+00:00, run_after=2022-07-30T00:00:00+00:00
[2022-07-30 00:22:21,974] {processor.py:161} INFO - Processing /opt/airflow/dags/team2_dag.py took 0.329 seconds
[2022-07-30 00:22:52,186] {processor.py:153} INFO - Started process (PID=258) to work on /opt/airflow/dags/team2_dag.py
[2022-07-30 00:22:52,189] {processor.py:641} INFO - Processing file /opt/airflow/dags/team2_dag.py for tasks to queue
[2022-07-30 00:22:52,191] {logging_mixin.py:115} INFO - [2022-07-30 00:22:52,190] {dagbag.py:507} INFO - Filling up the DagBag from /opt/airflow/dags/team2_dag.py
[2022-07-30 00:22:52,230] {processor.py:651} INFO - DAG(s) dict_keys(['my_dag']) retrieved from /opt/airflow/dags/team2_dag.py
[2022-07-30 00:22:52,334] {logging_mixin.py:115} INFO - [2022-07-30 00:22:52,334] {dag.py:2379} INFO - Sync 1 DAGs
[2022-07-30 00:22:52,413] {logging_mixin.py:115} INFO - [2022-07-30 00:22:52,413] {dag.py:2931} INFO - Setting next_dagrun for my_dag to 2022-07-29T00:00:00+00:00, run_after=2022-07-30T00:00:00+00:00
[2022-07-30 00:22:52,451] {processor.py:161} INFO - Processing /opt/airflow/dags/team2_dag.py took 0.275 seconds
[2022-07-30 00:23:22,572] {processor.py:153} INFO - Started process (PID=280) to work on /opt/airflow/dags/team2_dag.py
[2022-07-30 00:23:22,573] {processor.py:641} INFO - Processing file /opt/airflow/dags/team2_dag.py for tasks to queue
[2022-07-30 00:23:22,576] {logging_mixin.py:115} INFO - [2022-07-30 00:23:22,575] {dagbag.py:507} INFO - Filling up the DagBag from /opt/airflow/dags/team2_dag.py
[2022-07-30 00:23:22,619] {processor.py:651} INFO - DAG(s) dict_keys(['my_dag']) retrieved from /opt/airflow/dags/team2_dag.py
[2022-07-30 00:23:22,727] {logging_mixin.py:115} INFO - [2022-07-30 00:23:22,727] {dag.py:2379} INFO - Sync 1 DAGs
[2022-07-30 00:23:22,804] {logging_mixin.py:115} INFO - [2022-07-30 00:23:22,803] {dag.py:2931} INFO - Setting next_dagrun for my_dag to 2022-07-29T00:00:00+00:00, run_after=2022-07-30T00:00:00+00:00
[2022-07-30 00:23:22,835] {processor.py:161} INFO - Processing /opt/airflow/dags/team2_dag.py took 0.276 seconds
[2022-07-30 00:23:52,955] {processor.py:153} INFO - Started process (PID=303) to work on /opt/airflow/dags/team2_dag.py
[2022-07-30 00:23:52,956] {processor.py:641} INFO - Processing file /opt/airflow/dags/team2_dag.py for tasks to queue
[2022-07-30 00:23:52,958] {logging_mixin.py:115} INFO - [2022-07-30 00:23:52,957] {dagbag.py:507} INFO - Filling up the DagBag from /opt/airflow/dags/team2_dag.py
[2022-07-30 00:23:52,987] {processor.py:651} INFO - DAG(s) dict_keys(['my_dag']) retrieved from /opt/airflow/dags/team2_dag.py
[2022-07-30 00:23:53,095] {logging_mixin.py:115} INFO - [2022-07-30 00:23:53,094] {dag.py:2379} INFO - Sync 1 DAGs
[2022-07-30 00:23:53,182] {logging_mixin.py:115} INFO - [2022-07-30 00:23:53,182] {dag.py:2931} INFO - Setting next_dagrun for my_dag to 2022-07-29T00:00:00+00:00, run_after=2022-07-30T00:00:00+00:00
[2022-07-30 00:23:53,223] {processor.py:161} INFO - Processing /opt/airflow/dags/team2_dag.py took 0.279 seconds
[2022-07-30 00:24:23,343] {processor.py:153} INFO - Started process (PID=325) to work on /opt/airflow/dags/team2_dag.py
[2022-07-30 00:24:23,346] {processor.py:641} INFO - Processing file /opt/airflow/dags/team2_dag.py for tasks to queue
[2022-07-30 00:24:23,347] {logging_mixin.py:115} INFO - [2022-07-30 00:24:23,347] {dagbag.py:507} INFO - Filling up the DagBag from /opt/airflow/dags/team2_dag.py
[2022-07-30 00:24:23,391] {processor.py:651} INFO - DAG(s) dict_keys(['my_dag']) retrieved from /opt/airflow/dags/team2_dag.py
[2022-07-30 00:24:23,481] {logging_mixin.py:115} INFO - [2022-07-30 00:24:23,481] {dag.py:2379} INFO - Sync 1 DAGs
[2022-07-30 00:24:23,556] {logging_mixin.py:115} INFO - [2022-07-30 00:24:23,556] {dag.py:2931} INFO - Setting next_dagrun for my_dag to 2022-07-29T00:00:00+00:00, run_after=2022-07-30T00:00:00+00:00
[2022-07-30 00:24:23,592] {processor.py:161} INFO - Processing /opt/airflow/dags/team2_dag.py took 0.261 seconds
[2022-07-30 00:24:53,720] {processor.py:153} INFO - Started process (PID=348) to work on /opt/airflow/dags/team2_dag.py
[2022-07-30 00:24:53,722] {processor.py:641} INFO - Processing file /opt/airflow/dags/team2_dag.py for tasks to queue
[2022-07-30 00:24:53,723] {logging_mixin.py:115} INFO - [2022-07-30 00:24:53,723] {dagbag.py:507} INFO - Filling up the DagBag from /opt/airflow/dags/team2_dag.py
[2022-07-30 00:24:53,762] {processor.py:651} INFO - DAG(s) dict_keys(['my_dag']) retrieved from /opt/airflow/dags/team2_dag.py
[2022-07-30 00:24:53,865] {logging_mixin.py:115} INFO - [2022-07-30 00:24:53,865] {dag.py:2379} INFO - Sync 1 DAGs
[2022-07-30 00:24:53,940] {logging_mixin.py:115} INFO - [2022-07-30 00:24:53,940] {dag.py:2931} INFO - Setting next_dagrun for my_dag to 2022-07-29T00:00:00+00:00, run_after=2022-07-30T00:00:00+00:00
[2022-07-30 00:24:53,983] {processor.py:161} INFO - Processing /opt/airflow/dags/team2_dag.py took 0.276 seconds
[2022-07-30 00:25:24,120] {processor.py:153} INFO - Started process (PID=370) to work on /opt/airflow/dags/team2_dag.py
[2022-07-30 00:25:24,123] {processor.py:641} INFO - Processing file /opt/airflow/dags/team2_dag.py for tasks to queue
[2022-07-30 00:25:24,125] {logging_mixin.py:115} INFO - [2022-07-30 00:25:24,125] {dagbag.py:507} INFO - Filling up the DagBag from /opt/airflow/dags/team2_dag.py
[2022-07-30 00:25:24,177] {processor.py:651} INFO - DAG(s) dict_keys(['my_dag']) retrieved from /opt/airflow/dags/team2_dag.py
[2022-07-30 00:25:24,287] {logging_mixin.py:115} INFO - [2022-07-30 00:25:24,286] {dag.py:2379} INFO - Sync 1 DAGs
[2022-07-30 00:25:24,375] {logging_mixin.py:115} INFO - [2022-07-30 00:25:24,371] {dag.py:2931} INFO - Setting next_dagrun for my_dag to 2022-07-29T00:00:00+00:00, run_after=2022-07-30T00:00:00+00:00
[2022-07-30 00:25:24,416] {processor.py:161} INFO - Processing /opt/airflow/dags/team2_dag.py took 0.313 seconds
[2022-07-30 00:25:54,531] {processor.py:153} INFO - Started process (PID=394) to work on /opt/airflow/dags/team2_dag.py
[2022-07-30 00:25:54,532] {processor.py:641} INFO - Processing file /opt/airflow/dags/team2_dag.py for tasks to queue
[2022-07-30 00:25:54,534] {logging_mixin.py:115} INFO - [2022-07-30 00:25:54,534] {dagbag.py:507} INFO - Filling up the DagBag from /opt/airflow/dags/team2_dag.py
[2022-07-30 00:25:54,564] {processor.py:651} INFO - DAG(s) dict_keys(['my_dag']) retrieved from /opt/airflow/dags/team2_dag.py
[2022-07-30 00:25:54,681] {logging_mixin.py:115} INFO - [2022-07-30 00:25:54,681] {dag.py:2379} INFO - Sync 1 DAGs
[2022-07-30 00:25:54,763] {logging_mixin.py:115} INFO - [2022-07-30 00:25:54,763] {dag.py:2931} INFO - Setting next_dagrun for my_dag to 2022-07-29T00:00:00+00:00, run_after=2022-07-30T00:00:00+00:00
[2022-07-30 00:25:54,795] {processor.py:161} INFO - Processing /opt/airflow/dags/team2_dag.py took 0.276 seconds
[2022-07-30 00:26:24,915] {processor.py:153} INFO - Started process (PID=416) to work on /opt/airflow/dags/team2_dag.py
[2022-07-30 00:26:24,917] {processor.py:641} INFO - Processing file /opt/airflow/dags/team2_dag.py for tasks to queue
[2022-07-30 00:26:24,918] {logging_mixin.py:115} INFO - [2022-07-30 00:26:24,918] {dagbag.py:507} INFO - Filling up the DagBag from /opt/airflow/dags/team2_dag.py
[2022-07-30 00:26:24,950] {processor.py:651} INFO - DAG(s) dict_keys(['my_dag']) retrieved from /opt/airflow/dags/team2_dag.py
[2022-07-30 00:26:25,029] {logging_mixin.py:115} INFO - [2022-07-30 00:26:25,029] {dag.py:2379} INFO - Sync 1 DAGs
[2022-07-30 00:26:25,089] {logging_mixin.py:115} INFO - [2022-07-30 00:26:25,088] {dag.py:2931} INFO - Setting next_dagrun for my_dag to 2022-07-29T00:00:00+00:00, run_after=2022-07-30T00:00:00+00:00
[2022-07-30 00:26:25,129] {processor.py:161} INFO - Processing /opt/airflow/dags/team2_dag.py took 0.225 seconds
[2022-07-30 00:26:55,260] {processor.py:153} INFO - Started process (PID=440) to work on /opt/airflow/dags/team2_dag.py
[2022-07-30 00:26:55,262] {processor.py:641} INFO - Processing file /opt/airflow/dags/team2_dag.py for tasks to queue
[2022-07-30 00:26:55,265] {logging_mixin.py:115} INFO - [2022-07-30 00:26:55,264] {dagbag.py:507} INFO - Filling up the DagBag from /opt/airflow/dags/team2_dag.py
[2022-07-30 00:26:55,311] {processor.py:651} INFO - DAG(s) dict_keys(['my_dag']) retrieved from /opt/airflow/dags/team2_dag.py
[2022-07-30 00:26:55,409] {logging_mixin.py:115} INFO - [2022-07-30 00:26:55,409] {dag.py:2379} INFO - Sync 1 DAGs
[2022-07-30 00:26:55,501] {logging_mixin.py:115} INFO - [2022-07-30 00:26:55,501] {dag.py:2931} INFO - Setting next_dagrun for my_dag to 2022-07-29T00:00:00+00:00, run_after=2022-07-30T00:00:00+00:00
[2022-07-30 00:26:55,546] {processor.py:161} INFO - Processing /opt/airflow/dags/team2_dag.py took 0.310 seconds
[2022-07-30 00:27:25,678] {processor.py:153} INFO - Started process (PID=462) to work on /opt/airflow/dags/team2_dag.py
[2022-07-30 00:27:25,679] {processor.py:641} INFO - Processing file /opt/airflow/dags/team2_dag.py for tasks to queue
[2022-07-30 00:27:25,681] {logging_mixin.py:115} INFO - [2022-07-30 00:27:25,681] {dagbag.py:507} INFO - Filling up the DagBag from /opt/airflow/dags/team2_dag.py
[2022-07-30 00:27:25,765] {processor.py:651} INFO - DAG(s) dict_keys(['my_dag']) retrieved from /opt/airflow/dags/team2_dag.py
[2022-07-30 00:27:25,871] {logging_mixin.py:115} INFO - [2022-07-30 00:27:25,871] {dag.py:2379} INFO - Sync 1 DAGs
[2022-07-30 00:27:25,935] {logging_mixin.py:115} INFO - [2022-07-30 00:27:25,934] {dag.py:2931} INFO - Setting next_dagrun for my_dag to 2022-07-29T00:00:00+00:00, run_after=2022-07-30T00:00:00+00:00
[2022-07-30 00:27:25,978] {processor.py:161} INFO - Processing /opt/airflow/dags/team2_dag.py took 0.323 seconds
[2022-07-30 00:27:56,086] {processor.py:153} INFO - Started process (PID=483) to work on /opt/airflow/dags/team2_dag.py
[2022-07-30 00:27:56,088] {processor.py:641} INFO - Processing file /opt/airflow/dags/team2_dag.py for tasks to queue
[2022-07-30 00:27:56,089] {logging_mixin.py:115} INFO - [2022-07-30 00:27:56,089] {dagbag.py:507} INFO - Filling up the DagBag from /opt/airflow/dags/team2_dag.py
[2022-07-30 00:27:56,120] {processor.py:651} INFO - DAG(s) dict_keys(['my_dag']) retrieved from /opt/airflow/dags/team2_dag.py
[2022-07-30 00:27:56,194] {logging_mixin.py:115} INFO - [2022-07-30 00:27:56,194] {dag.py:2379} INFO - Sync 1 DAGs
[2022-07-30 00:27:56,254] {logging_mixin.py:115} INFO - [2022-07-30 00:27:56,254] {dag.py:2931} INFO - Setting next_dagrun for my_dag to 2022-07-29T00:00:00+00:00, run_after=2022-07-30T00:00:00+00:00
[2022-07-30 00:27:56,286] {processor.py:161} INFO - Processing /opt/airflow/dags/team2_dag.py took 0.211 seconds
[2022-07-30 00:28:26,396] {processor.py:153} INFO - Started process (PID=503) to work on /opt/airflow/dags/team2_dag.py
[2022-07-30 00:28:26,399] {processor.py:641} INFO - Processing file /opt/airflow/dags/team2_dag.py for tasks to queue
[2022-07-30 00:28:26,403] {logging_mixin.py:115} INFO - [2022-07-30 00:28:26,403] {dagbag.py:507} INFO - Filling up the DagBag from /opt/airflow/dags/team2_dag.py
[2022-07-30 00:28:26,463] {processor.py:651} INFO - DAG(s) dict_keys(['my_dag']) retrieved from /opt/airflow/dags/team2_dag.py
[2022-07-30 00:28:26,609] {logging_mixin.py:115} INFO - [2022-07-30 00:28:26,608] {dag.py:2379} INFO - Sync 1 DAGs
[2022-07-30 00:28:26,692] {logging_mixin.py:115} INFO - [2022-07-30 00:28:26,692] {dag.py:2931} INFO - Setting next_dagrun for my_dag to 2022-07-29T00:00:00+00:00, run_after=2022-07-30T00:00:00+00:00
[2022-07-30 00:28:26,722] {processor.py:161} INFO - Processing /opt/airflow/dags/team2_dag.py took 0.343 seconds
[2022-07-30 00:28:56,858] {processor.py:153} INFO - Started process (PID=526) to work on /opt/airflow/dags/team2_dag.py
[2022-07-30 00:28:56,860] {processor.py:641} INFO - Processing file /opt/airflow/dags/team2_dag.py for tasks to queue
[2022-07-30 00:28:56,861] {logging_mixin.py:115} INFO - [2022-07-30 00:28:56,861] {dagbag.py:507} INFO - Filling up the DagBag from /opt/airflow/dags/team2_dag.py
[2022-07-30 00:28:56,895] {processor.py:651} INFO - DAG(s) dict_keys(['my_dag']) retrieved from /opt/airflow/dags/team2_dag.py
[2022-07-30 00:28:57,005] {logging_mixin.py:115} INFO - [2022-07-30 00:28:57,005] {dag.py:2379} INFO - Sync 1 DAGs
[2022-07-30 00:28:57,090] {logging_mixin.py:115} INFO - [2022-07-30 00:28:57,089] {dag.py:2931} INFO - Setting next_dagrun for my_dag to 2022-07-29T00:00:00+00:00, run_after=2022-07-30T00:00:00+00:00
[2022-07-30 00:28:57,119] {processor.py:161} INFO - Processing /opt/airflow/dags/team2_dag.py took 0.273 seconds
[2022-07-30 00:29:27,232] {processor.py:153} INFO - Started process (PID=548) to work on /opt/airflow/dags/team2_dag.py
[2022-07-30 00:29:27,235] {processor.py:641} INFO - Processing file /opt/airflow/dags/team2_dag.py for tasks to queue
[2022-07-30 00:29:27,237] {logging_mixin.py:115} INFO - [2022-07-30 00:29:27,237] {dagbag.py:507} INFO - Filling up the DagBag from /opt/airflow/dags/team2_dag.py
[2022-07-30 00:29:27,271] {processor.py:651} INFO - DAG(s) dict_keys(['my_dag']) retrieved from /opt/airflow/dags/team2_dag.py
[2022-07-30 00:29:27,348] {logging_mixin.py:115} INFO - [2022-07-30 00:29:27,348] {dag.py:2379} INFO - Sync 1 DAGs
[2022-07-30 00:29:27,424] {logging_mixin.py:115} INFO - [2022-07-30 00:29:27,423] {dag.py:2931} INFO - Setting next_dagrun for my_dag to 2022-07-29T00:00:00+00:00, run_after=2022-07-30T00:00:00+00:00
[2022-07-30 00:29:27,465] {processor.py:161} INFO - Processing /opt/airflow/dags/team2_dag.py took 0.245 seconds
[2022-07-30 00:29:57,573] {processor.py:153} INFO - Started process (PID=571) to work on /opt/airflow/dags/team2_dag.py
[2022-07-30 00:29:57,575] {processor.py:641} INFO - Processing file /opt/airflow/dags/team2_dag.py for tasks to queue
[2022-07-30 00:29:57,576] {logging_mixin.py:115} INFO - [2022-07-30 00:29:57,576] {dagbag.py:507} INFO - Filling up the DagBag from /opt/airflow/dags/team2_dag.py
[2022-07-30 00:29:57,613] {processor.py:651} INFO - DAG(s) dict_keys(['my_dag']) retrieved from /opt/airflow/dags/team2_dag.py
[2022-07-30 00:29:57,692] {logging_mixin.py:115} INFO - [2022-07-30 00:29:57,691] {dag.py:2379} INFO - Sync 1 DAGs
[2022-07-30 00:29:57,756] {logging_mixin.py:115} INFO - [2022-07-30 00:29:57,756] {dag.py:2931} INFO - Setting next_dagrun for my_dag to 2022-07-29T00:00:00+00:00, run_after=2022-07-30T00:00:00+00:00
[2022-07-30 00:29:57,791] {processor.py:161} INFO - Processing /opt/airflow/dags/team2_dag.py took 0.228 seconds
[2022-07-30 00:30:27,911] {processor.py:153} INFO - Started process (PID=593) to work on /opt/airflow/dags/team2_dag.py
[2022-07-30 00:30:27,913] {processor.py:641} INFO - Processing file /opt/airflow/dags/team2_dag.py for tasks to queue
[2022-07-30 00:30:27,914] {logging_mixin.py:115} INFO - [2022-07-30 00:30:27,914] {dagbag.py:507} INFO - Filling up the DagBag from /opt/airflow/dags/team2_dag.py
[2022-07-30 00:30:27,950] {processor.py:651} INFO - DAG(s) dict_keys(['my_dag']) retrieved from /opt/airflow/dags/team2_dag.py
[2022-07-30 00:30:28,030] {logging_mixin.py:115} INFO - [2022-07-30 00:30:28,030] {dag.py:2379} INFO - Sync 1 DAGs
[2022-07-30 00:30:28,096] {logging_mixin.py:115} INFO - [2022-07-30 00:30:28,095] {dag.py:2931} INFO - Setting next_dagrun for my_dag to 2022-07-29T00:00:00+00:00, run_after=2022-07-30T00:00:00+00:00
[2022-07-30 00:30:28,125] {processor.py:161} INFO - Processing /opt/airflow/dags/team2_dag.py took 0.228 seconds
[2022-07-30 00:30:58,237] {processor.py:153} INFO - Started process (PID=615) to work on /opt/airflow/dags/team2_dag.py
[2022-07-30 00:30:58,239] {processor.py:641} INFO - Processing file /opt/airflow/dags/team2_dag.py for tasks to queue
[2022-07-30 00:30:58,241] {logging_mixin.py:115} INFO - [2022-07-30 00:30:58,241] {dagbag.py:507} INFO - Filling up the DagBag from /opt/airflow/dags/team2_dag.py
[2022-07-30 00:30:58,276] {processor.py:651} INFO - DAG(s) dict_keys(['my_dag']) retrieved from /opt/airflow/dags/team2_dag.py
[2022-07-30 00:30:58,346] {logging_mixin.py:115} INFO - [2022-07-30 00:30:58,346] {dag.py:2379} INFO - Sync 1 DAGs
[2022-07-30 00:30:58,410] {logging_mixin.py:115} INFO - [2022-07-30 00:30:58,410] {dag.py:2931} INFO - Setting next_dagrun for my_dag to 2022-07-29T00:00:00+00:00, run_after=2022-07-30T00:00:00+00:00
[2022-07-30 00:30:58,440] {processor.py:161} INFO - Processing /opt/airflow/dags/team2_dag.py took 0.214 seconds
[2022-07-30 00:31:28,552] {processor.py:153} INFO - Started process (PID=639) to work on /opt/airflow/dags/team2_dag.py
[2022-07-30 00:31:28,554] {processor.py:641} INFO - Processing file /opt/airflow/dags/team2_dag.py for tasks to queue
[2022-07-30 00:31:28,555] {logging_mixin.py:115} INFO - [2022-07-30 00:31:28,555] {dagbag.py:507} INFO - Filling up the DagBag from /opt/airflow/dags/team2_dag.py
[2022-07-30 00:31:28,587] {processor.py:651} INFO - DAG(s) dict_keys(['my_dag']) retrieved from /opt/airflow/dags/team2_dag.py
[2022-07-30 00:31:28,693] {logging_mixin.py:115} INFO - [2022-07-30 00:31:28,693] {dag.py:2379} INFO - Sync 1 DAGs
[2022-07-30 00:31:28,786] {logging_mixin.py:115} INFO - [2022-07-30 00:31:28,786] {dag.py:2931} INFO - Setting next_dagrun for my_dag to 2022-07-29T00:00:00+00:00, run_after=2022-07-30T00:00:00+00:00
[2022-07-30 00:31:28,827] {processor.py:161} INFO - Processing /opt/airflow/dags/team2_dag.py took 0.294 seconds
[2022-07-30 00:31:58,971] {processor.py:153} INFO - Started process (PID=661) to work on /opt/airflow/dags/team2_dag.py
[2022-07-30 00:31:58,976] {processor.py:641} INFO - Processing file /opt/airflow/dags/team2_dag.py for tasks to queue
[2022-07-30 00:31:58,979] {logging_mixin.py:115} INFO - [2022-07-30 00:31:58,979] {dagbag.py:507} INFO - Filling up the DagBag from /opt/airflow/dags/team2_dag.py
[2022-07-30 00:31:59,035] {processor.py:651} INFO - DAG(s) dict_keys(['my_dag']) retrieved from /opt/airflow/dags/team2_dag.py
[2022-07-30 00:31:59,197] {logging_mixin.py:115} INFO - [2022-07-30 00:31:59,197] {dag.py:2379} INFO - Sync 1 DAGs
[2022-07-30 00:31:59,267] {logging_mixin.py:115} INFO - [2022-07-30 00:31:59,267] {dag.py:2931} INFO - Setting next_dagrun for my_dag to 2022-07-30T00:00:00+00:00, run_after=2022-07-31T00:00:00+00:00
[2022-07-30 00:31:59,311] {processor.py:161} INFO - Processing /opt/airflow/dags/team2_dag.py took 0.371 seconds
[2022-07-30 00:32:29,432] {processor.py:153} INFO - Started process (PID=683) to work on /opt/airflow/dags/team2_dag.py
[2022-07-30 00:32:29,434] {processor.py:641} INFO - Processing file /opt/airflow/dags/team2_dag.py for tasks to queue
[2022-07-30 00:32:29,436] {logging_mixin.py:115} INFO - [2022-07-30 00:32:29,435] {dagbag.py:507} INFO - Filling up the DagBag from /opt/airflow/dags/team2_dag.py
[2022-07-30 00:32:29,474] {processor.py:651} INFO - DAG(s) dict_keys(['my_dag']) retrieved from /opt/airflow/dags/team2_dag.py
[2022-07-30 00:32:29,582] {logging_mixin.py:115} INFO - [2022-07-30 00:32:29,581] {dag.py:2379} INFO - Sync 1 DAGs
[2022-07-30 00:32:29,686] {logging_mixin.py:115} INFO - [2022-07-30 00:32:29,685] {dag.py:2931} INFO - Setting next_dagrun for my_dag to 2022-07-30T00:00:00+00:00, run_after=2022-07-31T00:00:00+00:00
[2022-07-30 00:32:29,739] {processor.py:161} INFO - Processing /opt/airflow/dags/team2_dag.py took 0.323 seconds
[2022-07-30 00:32:59,938] {processor.py:153} INFO - Started process (PID=705) to work on /opt/airflow/dags/team2_dag.py
[2022-07-30 00:32:59,940] {processor.py:641} INFO - Processing file /opt/airflow/dags/team2_dag.py for tasks to queue
[2022-07-30 00:32:59,941] {logging_mixin.py:115} INFO - [2022-07-30 00:32:59,941] {dagbag.py:507} INFO - Filling up the DagBag from /opt/airflow/dags/team2_dag.py
[2022-07-30 00:33:00,003] {processor.py:651} INFO - DAG(s) dict_keys(['my_dag']) retrieved from /opt/airflow/dags/team2_dag.py
[2022-07-30 00:33:00,131] {logging_mixin.py:115} INFO - [2022-07-30 00:33:00,131] {dag.py:2379} INFO - Sync 1 DAGs
[2022-07-30 00:33:00,233] {logging_mixin.py:115} INFO - [2022-07-30 00:33:00,233] {dag.py:2931} INFO - Setting next_dagrun for my_dag to 2022-07-30T00:00:00+00:00, run_after=2022-07-31T00:00:00+00:00
[2022-07-30 00:33:00,263] {processor.py:161} INFO - Processing /opt/airflow/dags/team2_dag.py took 0.339 seconds
[2022-07-30 00:33:30,388] {processor.py:153} INFO - Started process (PID=726) to work on /opt/airflow/dags/team2_dag.py
[2022-07-30 00:33:30,389] {processor.py:641} INFO - Processing file /opt/airflow/dags/team2_dag.py for tasks to queue
[2022-07-30 00:33:30,391] {logging_mixin.py:115} INFO - [2022-07-30 00:33:30,391] {dagbag.py:507} INFO - Filling up the DagBag from /opt/airflow/dags/team2_dag.py
[2022-07-30 00:33:30,435] {processor.py:651} INFO - DAG(s) dict_keys(['my_dag']) retrieved from /opt/airflow/dags/team2_dag.py
[2022-07-30 00:33:30,546] {logging_mixin.py:115} INFO - [2022-07-30 00:33:30,546] {dag.py:2379} INFO - Sync 1 DAGs
[2022-07-30 00:33:30,730] {logging_mixin.py:115} INFO - [2022-07-30 00:33:30,730] {dag.py:2931} INFO - Setting next_dagrun for my_dag to 2022-07-30T00:00:00+00:00, run_after=2022-07-31T00:00:00+00:00
[2022-07-30 00:33:30,795] {processor.py:161} INFO - Processing /opt/airflow/dags/team2_dag.py took 0.423 seconds
[2022-07-30 00:34:00,992] {processor.py:153} INFO - Started process (PID=747) to work on /opt/airflow/dags/team2_dag.py
[2022-07-30 00:34:01,004] {processor.py:641} INFO - Processing file /opt/airflow/dags/team2_dag.py for tasks to queue
[2022-07-30 00:34:01,011] {logging_mixin.py:115} INFO - [2022-07-30 00:34:01,011] {dagbag.py:507} INFO - Filling up the DagBag from /opt/airflow/dags/team2_dag.py
[2022-07-30 00:34:01,064] {processor.py:651} INFO - DAG(s) dict_keys(['my_dag']) retrieved from /opt/airflow/dags/team2_dag.py
[2022-07-30 00:34:01,217] {logging_mixin.py:115} INFO - [2022-07-30 00:34:01,217] {dag.py:2379} INFO - Sync 1 DAGs
[2022-07-30 00:34:01,319] {logging_mixin.py:115} INFO - [2022-07-30 00:34:01,318] {dag.py:2931} INFO - Setting next_dagrun for my_dag to 2022-07-30T00:00:00+00:00, run_after=2022-07-31T00:00:00+00:00
[2022-07-30 00:34:01,356] {processor.py:161} INFO - Processing /opt/airflow/dags/team2_dag.py took 0.388 seconds
[2022-07-30 00:34:32,020] {processor.py:153} INFO - Started process (PID=769) to work on /opt/airflow/dags/team2_dag.py
[2022-07-30 00:34:32,030] {processor.py:641} INFO - Processing file /opt/airflow/dags/team2_dag.py for tasks to queue
[2022-07-30 00:34:32,043] {logging_mixin.py:115} INFO - [2022-07-30 00:34:32,041] {dagbag.py:507} INFO - Filling up the DagBag from /opt/airflow/dags/team2_dag.py
[2022-07-30 00:34:32,388] {processor.py:651} INFO - DAG(s) dict_keys(['my_dag']) retrieved from /opt/airflow/dags/team2_dag.py
[2022-07-30 00:34:32,949] {logging_mixin.py:115} INFO - [2022-07-30 00:34:32,949] {dag.py:2379} INFO - Sync 1 DAGs
[2022-07-30 00:34:33,271] {logging_mixin.py:115} INFO - [2022-07-30 00:34:33,271] {dag.py:2931} INFO - Setting next_dagrun for my_dag to 2022-07-30T00:00:00+00:00, run_after=2022-07-31T00:00:00+00:00
[2022-07-30 00:34:33,319] {processor.py:161} INFO - Processing /opt/airflow/dags/team2_dag.py took 1.482 seconds
[2022-07-30 00:35:03,448] {processor.py:153} INFO - Started process (PID=789) to work on /opt/airflow/dags/team2_dag.py
[2022-07-30 00:35:03,451] {processor.py:641} INFO - Processing file /opt/airflow/dags/team2_dag.py for tasks to queue
[2022-07-30 00:35:03,454] {logging_mixin.py:115} INFO - [2022-07-30 00:35:03,453] {dagbag.py:507} INFO - Filling up the DagBag from /opt/airflow/dags/team2_dag.py
[2022-07-30 00:35:03,500] {processor.py:651} INFO - DAG(s) dict_keys(['my_dag']) retrieved from /opt/airflow/dags/team2_dag.py
[2022-07-30 00:35:03,592] {logging_mixin.py:115} INFO - [2022-07-30 00:35:03,591] {dag.py:2379} INFO - Sync 1 DAGs
[2022-07-30 00:35:03,688] {logging_mixin.py:115} INFO - [2022-07-30 00:35:03,688] {dag.py:2931} INFO - Setting next_dagrun for my_dag to 2022-07-30T00:00:00+00:00, run_after=2022-07-31T00:00:00+00:00
[2022-07-30 00:35:03,717] {processor.py:161} INFO - Processing /opt/airflow/dags/team2_dag.py took 0.281 seconds
[2022-07-30 00:35:33,888] {processor.py:153} INFO - Started process (PID=812) to work on /opt/airflow/dags/team2_dag.py
[2022-07-30 00:35:33,890] {processor.py:641} INFO - Processing file /opt/airflow/dags/team2_dag.py for tasks to queue
[2022-07-30 00:35:33,892] {logging_mixin.py:115} INFO - [2022-07-30 00:35:33,892] {dagbag.py:507} INFO - Filling up the DagBag from /opt/airflow/dags/team2_dag.py
[2022-07-30 00:35:33,970] {processor.py:651} INFO - DAG(s) dict_keys(['my_dag']) retrieved from /opt/airflow/dags/team2_dag.py
[2022-07-30 00:35:34,122] {logging_mixin.py:115} INFO - [2022-07-30 00:35:34,122] {dag.py:2379} INFO - Sync 1 DAGs
[2022-07-30 00:35:34,232] {logging_mixin.py:115} INFO - [2022-07-30 00:35:34,232] {dag.py:2931} INFO - Setting next_dagrun for my_dag to 2022-07-30T00:00:00+00:00, run_after=2022-07-31T00:00:00+00:00
[2022-07-30 00:35:34,288] {processor.py:161} INFO - Processing /opt/airflow/dags/team2_dag.py took 0.423 seconds
[2022-07-30 00:36:05,216] {processor.py:153} INFO - Started process (PID=833) to work on /opt/airflow/dags/team2_dag.py
[2022-07-30 00:36:05,227] {processor.py:641} INFO - Processing file /opt/airflow/dags/team2_dag.py for tasks to queue
[2022-07-30 00:36:05,247] {logging_mixin.py:115} INFO - [2022-07-30 00:36:05,245] {dagbag.py:507} INFO - Filling up the DagBag from /opt/airflow/dags/team2_dag.py
[2022-07-30 00:36:05,732] {processor.py:651} INFO - DAG(s) dict_keys(['my_dag']) retrieved from /opt/airflow/dags/team2_dag.py
[2022-07-30 00:36:06,390] {logging_mixin.py:115} INFO - [2022-07-30 00:36:06,390] {dag.py:2379} INFO - Sync 1 DAGs
[2022-07-30 00:36:06,794] {logging_mixin.py:115} INFO - [2022-07-30 00:36:06,794] {dag.py:2931} INFO - Setting next_dagrun for my_dag to 2022-07-30T00:00:00+00:00, run_after=2022-07-31T00:00:00+00:00
[2022-07-30 00:36:06,881] {processor.py:161} INFO - Processing /opt/airflow/dags/team2_dag.py took 1.829 seconds
[2022-07-30 00:36:37,037] {processor.py:153} INFO - Started process (PID=855) to work on /opt/airflow/dags/team2_dag.py
[2022-07-30 00:36:37,041] {processor.py:641} INFO - Processing file /opt/airflow/dags/team2_dag.py for tasks to queue
[2022-07-30 00:36:37,043] {logging_mixin.py:115} INFO - [2022-07-30 00:36:37,042] {dagbag.py:507} INFO - Filling up the DagBag from /opt/airflow/dags/team2_dag.py
[2022-07-30 00:36:37,093] {processor.py:651} INFO - DAG(s) dict_keys(['my_dag']) retrieved from /opt/airflow/dags/team2_dag.py
[2022-07-30 00:36:37,210] {logging_mixin.py:115} INFO - [2022-07-30 00:36:37,210] {dag.py:2379} INFO - Sync 1 DAGs
[2022-07-30 00:36:37,314] {logging_mixin.py:115} INFO - [2022-07-30 00:36:37,313] {dag.py:2931} INFO - Setting next_dagrun for my_dag to 2022-07-30T00:00:00+00:00, run_after=2022-07-31T00:00:00+00:00
[2022-07-30 00:36:37,345] {processor.py:161} INFO - Processing /opt/airflow/dags/team2_dag.py took 0.335 seconds
[2022-07-30 00:37:07,484] {processor.py:153} INFO - Started process (PID=876) to work on /opt/airflow/dags/team2_dag.py
[2022-07-30 00:37:07,487] {processor.py:641} INFO - Processing file /opt/airflow/dags/team2_dag.py for tasks to queue
[2022-07-30 00:37:07,488] {logging_mixin.py:115} INFO - [2022-07-30 00:37:07,488] {dagbag.py:507} INFO - Filling up the DagBag from /opt/airflow/dags/team2_dag.py
[2022-07-30 00:37:07,523] {processor.py:651} INFO - DAG(s) dict_keys(['my_dag']) retrieved from /opt/airflow/dags/team2_dag.py
[2022-07-30 00:37:07,646] {logging_mixin.py:115} INFO - [2022-07-30 00:37:07,646] {dag.py:2379} INFO - Sync 1 DAGs
[2022-07-30 00:37:07,743] {logging_mixin.py:115} INFO - [2022-07-30 00:37:07,742] {dag.py:2931} INFO - Setting next_dagrun for my_dag to 2022-07-30T00:00:00+00:00, run_after=2022-07-31T00:00:00+00:00
[2022-07-30 00:37:07,777] {processor.py:161} INFO - Processing /opt/airflow/dags/team2_dag.py took 0.307 seconds
[2022-07-30 00:37:37,961] {processor.py:153} INFO - Started process (PID=896) to work on /opt/airflow/dags/team2_dag.py
[2022-07-30 00:37:37,963] {processor.py:641} INFO - Processing file /opt/airflow/dags/team2_dag.py for tasks to queue
[2022-07-30 00:37:37,965] {logging_mixin.py:115} INFO - [2022-07-30 00:37:37,964] {dagbag.py:507} INFO - Filling up the DagBag from /opt/airflow/dags/team2_dag.py
[2022-07-30 00:37:38,019] {processor.py:651} INFO - DAG(s) dict_keys(['my_dag']) retrieved from /opt/airflow/dags/team2_dag.py
[2022-07-30 00:37:38,111] {logging_mixin.py:115} INFO - [2022-07-30 00:37:38,111] {dag.py:2379} INFO - Sync 1 DAGs
[2022-07-30 00:37:38,193] {logging_mixin.py:115} INFO - [2022-07-30 00:37:38,193] {dag.py:2931} INFO - Setting next_dagrun for my_dag to 2022-07-30T00:00:00+00:00, run_after=2022-07-31T00:00:00+00:00
[2022-07-30 00:37:38,220] {processor.py:161} INFO - Processing /opt/airflow/dags/team2_dag.py took 0.285 seconds
[2022-07-30 00:38:08,369] {processor.py:153} INFO - Started process (PID=919) to work on /opt/airflow/dags/team2_dag.py
[2022-07-30 00:38:08,375] {processor.py:641} INFO - Processing file /opt/airflow/dags/team2_dag.py for tasks to queue
[2022-07-30 00:38:08,377] {logging_mixin.py:115} INFO - [2022-07-30 00:38:08,376] {dagbag.py:507} INFO - Filling up the DagBag from /opt/airflow/dags/team2_dag.py
[2022-07-30 00:38:08,424] {processor.py:651} INFO - DAG(s) dict_keys(['my_dag']) retrieved from /opt/airflow/dags/team2_dag.py
[2022-07-30 00:38:08,521] {logging_mixin.py:115} INFO - [2022-07-30 00:38:08,521] {dag.py:2379} INFO - Sync 1 DAGs
[2022-07-30 00:38:08,605] {logging_mixin.py:115} INFO - [2022-07-30 00:38:08,605] {dag.py:2931} INFO - Setting next_dagrun for my_dag to 2022-07-30T00:00:00+00:00, run_after=2022-07-31T00:00:00+00:00
[2022-07-30 00:38:08,644] {processor.py:161} INFO - Processing /opt/airflow/dags/team2_dag.py took 0.299 seconds
[2022-07-30 00:38:38,770] {processor.py:153} INFO - Started process (PID=941) to work on /opt/airflow/dags/team2_dag.py
[2022-07-30 00:38:38,771] {processor.py:641} INFO - Processing file /opt/airflow/dags/team2_dag.py for tasks to queue
[2022-07-30 00:38:38,773] {logging_mixin.py:115} INFO - [2022-07-30 00:38:38,773] {dagbag.py:507} INFO - Filling up the DagBag from /opt/airflow/dags/team2_dag.py
[2022-07-30 00:38:38,823] {processor.py:651} INFO - DAG(s) dict_keys(['my_dag']) retrieved from /opt/airflow/dags/team2_dag.py
[2022-07-30 00:38:38,943] {logging_mixin.py:115} INFO - [2022-07-30 00:38:38,943] {dag.py:2379} INFO - Sync 1 DAGs
[2022-07-30 00:38:39,062] {logging_mixin.py:115} INFO - [2022-07-30 00:38:39,061] {dag.py:2931} INFO - Setting next_dagrun for my_dag to 2022-07-30T00:00:00+00:00, run_after=2022-07-31T00:00:00+00:00
[2022-07-30 00:38:39,095] {processor.py:161} INFO - Processing /opt/airflow/dags/team2_dag.py took 0.340 seconds
[2022-07-30 00:39:09,210] {processor.py:153} INFO - Started process (PID=963) to work on /opt/airflow/dags/team2_dag.py
[2022-07-30 00:39:09,212] {processor.py:641} INFO - Processing file /opt/airflow/dags/team2_dag.py for tasks to queue
[2022-07-30 00:39:09,213] {logging_mixin.py:115} INFO - [2022-07-30 00:39:09,213] {dagbag.py:507} INFO - Filling up the DagBag from /opt/airflow/dags/team2_dag.py
[2022-07-30 00:39:09,250] {processor.py:651} INFO - DAG(s) dict_keys(['my_dag']) retrieved from /opt/airflow/dags/team2_dag.py
[2022-07-30 00:39:09,351] {logging_mixin.py:115} INFO - [2022-07-30 00:39:09,350] {dag.py:2379} INFO - Sync 1 DAGs
[2022-07-30 00:39:09,446] {logging_mixin.py:115} INFO - [2022-07-30 00:39:09,445] {dag.py:2931} INFO - Setting next_dagrun for my_dag to 2022-07-30T00:00:00+00:00, run_after=2022-07-31T00:00:00+00:00
[2022-07-30 00:39:09,469] {processor.py:161} INFO - Processing /opt/airflow/dags/team2_dag.py took 0.271 seconds
[2022-07-30 00:39:39,612] {processor.py:153} INFO - Started process (PID=985) to work on /opt/airflow/dags/team2_dag.py
[2022-07-30 00:39:39,614] {processor.py:641} INFO - Processing file /opt/airflow/dags/team2_dag.py for tasks to queue
[2022-07-30 00:39:39,617] {logging_mixin.py:115} INFO - [2022-07-30 00:39:39,616] {dagbag.py:507} INFO - Filling up the DagBag from /opt/airflow/dags/team2_dag.py
[2022-07-30 00:39:39,665] {processor.py:651} INFO - DAG(s) dict_keys(['my_dag']) retrieved from /opt/airflow/dags/team2_dag.py
[2022-07-30 00:39:39,749] {logging_mixin.py:115} INFO - [2022-07-30 00:39:39,749] {dag.py:2379} INFO - Sync 1 DAGs
[2022-07-30 00:39:39,826] {logging_mixin.py:115} INFO - [2022-07-30 00:39:39,825] {dag.py:2931} INFO - Setting next_dagrun for my_dag to 2022-07-30T00:00:00+00:00, run_after=2022-07-31T00:00:00+00:00
[2022-07-30 00:39:39,863] {processor.py:161} INFO - Processing /opt/airflow/dags/team2_dag.py took 0.268 seconds
[2022-07-30 00:40:09,988] {processor.py:153} INFO - Started process (PID=1008) to work on /opt/airflow/dags/team2_dag.py
[2022-07-30 00:40:09,989] {processor.py:641} INFO - Processing file /opt/airflow/dags/team2_dag.py for tasks to queue
[2022-07-30 00:40:09,990] {logging_mixin.py:115} INFO - [2022-07-30 00:40:09,990] {dagbag.py:507} INFO - Filling up the DagBag from /opt/airflow/dags/team2_dag.py
[2022-07-30 00:40:10,027] {processor.py:651} INFO - DAG(s) dict_keys(['my_dag']) retrieved from /opt/airflow/dags/team2_dag.py
[2022-07-30 00:40:10,130] {logging_mixin.py:115} INFO - [2022-07-30 00:40:10,130] {dag.py:2379} INFO - Sync 1 DAGs
[2022-07-30 00:40:10,215] {logging_mixin.py:115} INFO - [2022-07-30 00:40:10,215] {dag.py:2931} INFO - Setting next_dagrun for my_dag to 2022-07-30T00:00:00+00:00, run_after=2022-07-31T00:00:00+00:00
[2022-07-30 00:40:10,248] {processor.py:161} INFO - Processing /opt/airflow/dags/team2_dag.py took 0.274 seconds
[2022-07-30 00:40:40,373] {processor.py:153} INFO - Started process (PID=1030) to work on /opt/airflow/dags/team2_dag.py
[2022-07-30 00:40:40,375] {processor.py:641} INFO - Processing file /opt/airflow/dags/team2_dag.py for tasks to queue
[2022-07-30 00:40:40,379] {logging_mixin.py:115} INFO - [2022-07-30 00:40:40,376] {dagbag.py:507} INFO - Filling up the DagBag from /opt/airflow/dags/team2_dag.py
[2022-07-30 00:40:40,413] {processor.py:651} INFO - DAG(s) dict_keys(['my_dag']) retrieved from /opt/airflow/dags/team2_dag.py
[2022-07-30 00:40:40,497] {logging_mixin.py:115} INFO - [2022-07-30 00:40:40,497] {dag.py:2379} INFO - Sync 1 DAGs
[2022-07-30 00:40:40,578] {logging_mixin.py:115} INFO - [2022-07-30 00:40:40,578] {dag.py:2931} INFO - Setting next_dagrun for my_dag to 2022-07-30T00:00:00+00:00, run_after=2022-07-31T00:00:00+00:00
[2022-07-30 00:40:40,623] {processor.py:161} INFO - Processing /opt/airflow/dags/team2_dag.py took 0.262 seconds
[2022-07-30 00:41:10,794] {processor.py:153} INFO - Started process (PID=1048) to work on /opt/airflow/dags/team2_dag.py
[2022-07-30 00:41:10,796] {processor.py:641} INFO - Processing file /opt/airflow/dags/team2_dag.py for tasks to queue
[2022-07-30 00:41:10,798] {logging_mixin.py:115} INFO - [2022-07-30 00:41:10,798] {dagbag.py:507} INFO - Filling up the DagBag from /opt/airflow/dags/team2_dag.py
[2022-07-30 00:41:10,835] {processor.py:651} INFO - DAG(s) dict_keys(['my_dag']) retrieved from /opt/airflow/dags/team2_dag.py
[2022-07-30 00:41:10,967] {logging_mixin.py:115} INFO - [2022-07-30 00:41:10,967] {dag.py:2379} INFO - Sync 1 DAGs
[2022-07-30 00:41:11,057] {logging_mixin.py:115} INFO - [2022-07-30 00:41:11,057] {dag.py:2931} INFO - Setting next_dagrun for my_dag to 2022-07-30T00:00:00+00:00, run_after=2022-07-31T00:00:00+00:00
[2022-07-30 00:41:11,087] {processor.py:161} INFO - Processing /opt/airflow/dags/team2_dag.py took 0.330 seconds
[2022-07-30 00:41:41,216] {processor.py:153} INFO - Started process (PID=1066) to work on /opt/airflow/dags/team2_dag.py
[2022-07-30 00:41:41,218] {processor.py:641} INFO - Processing file /opt/airflow/dags/team2_dag.py for tasks to queue
[2022-07-30 00:41:41,219] {logging_mixin.py:115} INFO - [2022-07-30 00:41:41,219] {dagbag.py:507} INFO - Filling up the DagBag from /opt/airflow/dags/team2_dag.py
[2022-07-30 00:41:41,251] {processor.py:651} INFO - DAG(s) dict_keys(['my_dag']) retrieved from /opt/airflow/dags/team2_dag.py
[2022-07-30 00:41:41,347] {logging_mixin.py:115} INFO - [2022-07-30 00:41:41,346] {dag.py:2379} INFO - Sync 1 DAGs
[2022-07-30 00:41:41,426] {logging_mixin.py:115} INFO - [2022-07-30 00:41:41,425] {dag.py:2931} INFO - Setting next_dagrun for my_dag to 2022-07-30T00:00:00+00:00, run_after=2022-07-31T00:00:00+00:00
[2022-07-30 00:41:41,460] {processor.py:161} INFO - Processing /opt/airflow/dags/team2_dag.py took 0.258 seconds
[2022-07-30 00:42:11,590] {processor.py:153} INFO - Started process (PID=1087) to work on /opt/airflow/dags/team2_dag.py
[2022-07-30 00:42:11,591] {processor.py:641} INFO - Processing file /opt/airflow/dags/team2_dag.py for tasks to queue
[2022-07-30 00:42:11,593] {logging_mixin.py:115} INFO - [2022-07-30 00:42:11,592] {dagbag.py:507} INFO - Filling up the DagBag from /opt/airflow/dags/team2_dag.py
[2022-07-30 00:42:11,624] {processor.py:651} INFO - DAG(s) dict_keys(['my_dag']) retrieved from /opt/airflow/dags/team2_dag.py
[2022-07-30 00:42:11,715] {logging_mixin.py:115} INFO - [2022-07-30 00:42:11,715] {dag.py:2379} INFO - Sync 1 DAGs
[2022-07-30 00:42:11,787] {logging_mixin.py:115} INFO - [2022-07-30 00:42:11,787] {dag.py:2931} INFO - Setting next_dagrun for my_dag to 2022-07-30T00:00:00+00:00, run_after=2022-07-31T00:00:00+00:00
[2022-07-30 00:42:11,827] {processor.py:161} INFO - Processing /opt/airflow/dags/team2_dag.py took 0.251 seconds
[2022-07-30 00:42:22,637] {processor.py:153} INFO - Started process (PID=1102) to work on /opt/airflow/dags/team2_dag.py
[2022-07-30 00:42:22,642] {processor.py:641} INFO - Processing file /opt/airflow/dags/team2_dag.py for tasks to queue
[2022-07-30 00:42:22,645] {logging_mixin.py:115} INFO - [2022-07-30 00:42:22,644] {dagbag.py:507} INFO - Filling up the DagBag from /opt/airflow/dags/team2_dag.py
[2022-07-30 00:42:22,688] {processor.py:651} INFO - DAG(s) dict_keys(['my_dag']) retrieved from /opt/airflow/dags/team2_dag.py
[2022-07-30 00:42:23,039] {logging_mixin.py:115} INFO - [2022-07-30 00:42:23,038] {dag.py:2379} INFO - Sync 1 DAGs
[2022-07-30 00:42:23,103] {logging_mixin.py:115} INFO - [2022-07-30 00:42:23,103] {dag.py:2931} INFO - Setting next_dagrun for my_dag to 2022-07-30T00:00:00+00:00, run_after=2022-07-31T00:00:00+00:00
[2022-07-30 00:42:23,139] {processor.py:161} INFO - Processing /opt/airflow/dags/team2_dag.py took 0.520 seconds
[2022-07-30 00:42:53,267] {processor.py:153} INFO - Started process (PID=1124) to work on /opt/airflow/dags/team2_dag.py
[2022-07-30 00:42:53,269] {processor.py:641} INFO - Processing file /opt/airflow/dags/team2_dag.py for tasks to queue
[2022-07-30 00:42:53,271] {logging_mixin.py:115} INFO - [2022-07-30 00:42:53,270] {dagbag.py:507} INFO - Filling up the DagBag from /opt/airflow/dags/team2_dag.py
[2022-07-30 00:42:53,321] {processor.py:651} INFO - DAG(s) dict_keys(['my_dag']) retrieved from /opt/airflow/dags/team2_dag.py
[2022-07-30 00:42:53,426] {logging_mixin.py:115} INFO - [2022-07-30 00:42:53,426] {dag.py:2379} INFO - Sync 1 DAGs
[2022-07-30 00:42:53,496] {logging_mixin.py:115} INFO - [2022-07-30 00:42:53,495] {dag.py:2931} INFO - Setting next_dagrun for my_dag to 2022-07-30T00:00:00+00:00, run_after=2022-07-31T00:00:00+00:00
[2022-07-30 00:42:53,525] {processor.py:161} INFO - Processing /opt/airflow/dags/team2_dag.py took 0.275 seconds
[2022-07-30 00:43:23,653] {processor.py:153} INFO - Started process (PID=1145) to work on /opt/airflow/dags/team2_dag.py
[2022-07-30 00:43:23,656] {processor.py:641} INFO - Processing file /opt/airflow/dags/team2_dag.py for tasks to queue
[2022-07-30 00:43:23,657] {logging_mixin.py:115} INFO - [2022-07-30 00:43:23,657] {dagbag.py:507} INFO - Filling up the DagBag from /opt/airflow/dags/team2_dag.py
[2022-07-30 00:43:23,721] {processor.py:651} INFO - DAG(s) dict_keys(['my_dag']) retrieved from /opt/airflow/dags/team2_dag.py
[2022-07-30 00:43:23,856] {logging_mixin.py:115} INFO - [2022-07-30 00:43:23,855] {dag.py:2379} INFO - Sync 1 DAGs
[2022-07-30 00:43:23,977] {logging_mixin.py:115} INFO - [2022-07-30 00:43:23,977] {dag.py:2931} INFO - Setting next_dagrun for my_dag to 2022-07-30T00:00:00+00:00, run_after=2022-07-31T00:00:00+00:00
[2022-07-30 00:43:24,013] {processor.py:161} INFO - Processing /opt/airflow/dags/team2_dag.py took 0.371 seconds
[2022-07-30 00:43:54,158] {processor.py:153} INFO - Started process (PID=1166) to work on /opt/airflow/dags/team2_dag.py
[2022-07-30 00:43:54,167] {processor.py:641} INFO - Processing file /opt/airflow/dags/team2_dag.py for tasks to queue
[2022-07-30 00:43:54,169] {logging_mixin.py:115} INFO - [2022-07-30 00:43:54,169] {dagbag.py:507} INFO - Filling up the DagBag from /opt/airflow/dags/team2_dag.py
[2022-07-30 00:43:54,256] {processor.py:651} INFO - DAG(s) dict_keys(['my_dag']) retrieved from /opt/airflow/dags/team2_dag.py
[2022-07-30 00:43:54,349] {logging_mixin.py:115} INFO - [2022-07-30 00:43:54,349] {dag.py:2379} INFO - Sync 1 DAGs
[2022-07-30 00:43:54,441] {logging_mixin.py:115} INFO - [2022-07-30 00:43:54,440] {dag.py:2931} INFO - Setting next_dagrun for my_dag to 2022-07-30T00:00:00+00:00, run_after=2022-07-31T00:00:00+00:00
[2022-07-30 00:43:54,476] {processor.py:161} INFO - Processing /opt/airflow/dags/team2_dag.py took 0.340 seconds
[2022-07-30 00:44:24,630] {processor.py:153} INFO - Started process (PID=1184) to work on /opt/airflow/dags/team2_dag.py
[2022-07-30 00:44:24,632] {processor.py:641} INFO - Processing file /opt/airflow/dags/team2_dag.py for tasks to queue
[2022-07-30 00:44:24,634] {logging_mixin.py:115} INFO - [2022-07-30 00:44:24,634] {dagbag.py:507} INFO - Filling up the DagBag from /opt/airflow/dags/team2_dag.py
[2022-07-30 00:44:24,672] {processor.py:651} INFO - DAG(s) dict_keys(['my_dag']) retrieved from /opt/airflow/dags/team2_dag.py
[2022-07-30 00:44:24,763] {logging_mixin.py:115} INFO - [2022-07-30 00:44:24,762] {dag.py:2379} INFO - Sync 1 DAGs
[2022-07-30 00:44:24,871] {logging_mixin.py:115} INFO - [2022-07-30 00:44:24,871] {dag.py:2931} INFO - Setting next_dagrun for my_dag to 2022-07-30T00:00:00+00:00, run_after=2022-07-31T00:00:00+00:00
[2022-07-30 00:44:24,896] {processor.py:161} INFO - Processing /opt/airflow/dags/team2_dag.py took 0.285 seconds
[2022-07-30 00:44:55,047] {processor.py:153} INFO - Started process (PID=1204) to work on /opt/airflow/dags/team2_dag.py
[2022-07-30 00:44:55,052] {processor.py:641} INFO - Processing file /opt/airflow/dags/team2_dag.py for tasks to queue
[2022-07-30 00:44:55,054] {logging_mixin.py:115} INFO - [2022-07-30 00:44:55,054] {dagbag.py:507} INFO - Filling up the DagBag from /opt/airflow/dags/team2_dag.py
[2022-07-30 00:44:55,113] {processor.py:651} INFO - DAG(s) dict_keys(['my_dag']) retrieved from /opt/airflow/dags/team2_dag.py
[2022-07-30 00:44:55,536] {logging_mixin.py:115} INFO - [2022-07-30 00:44:55,536] {dag.py:2379} INFO - Sync 1 DAGs
[2022-07-30 00:44:55,659] {logging_mixin.py:115} INFO - [2022-07-30 00:44:55,658] {dag.py:2931} INFO - Setting next_dagrun for my_dag to 2022-07-30T00:00:00+00:00, run_after=2022-07-31T00:00:00+00:00
[2022-07-30 00:44:55,682] {processor.py:161} INFO - Processing /opt/airflow/dags/team2_dag.py took 0.657 seconds
[2022-07-30 00:45:26,134] {processor.py:153} INFO - Started process (PID=1226) to work on /opt/airflow/dags/team2_dag.py
[2022-07-30 00:45:26,151] {processor.py:641} INFO - Processing file /opt/airflow/dags/team2_dag.py for tasks to queue
[2022-07-30 00:45:26,164] {logging_mixin.py:115} INFO - [2022-07-30 00:45:26,163] {dagbag.py:507} INFO - Filling up the DagBag from /opt/airflow/dags/team2_dag.py
[2022-07-30 00:45:26,631] {processor.py:651} INFO - DAG(s) dict_keys(['my_dag']) retrieved from /opt/airflow/dags/team2_dag.py
[2022-07-30 00:45:27,280] {logging_mixin.py:115} INFO - [2022-07-30 00:45:27,279] {dag.py:2379} INFO - Sync 1 DAGs
[2022-07-30 00:45:27,767] {logging_mixin.py:115} INFO - [2022-07-30 00:45:27,766] {dag.py:2931} INFO - Setting next_dagrun for my_dag to 2022-07-30T00:00:00+00:00, run_after=2022-07-31T00:00:00+00:00
[2022-07-30 00:45:27,867] {processor.py:161} INFO - Processing /opt/airflow/dags/team2_dag.py took 1.876 seconds
[2022-07-30 00:45:58,100] {processor.py:153} INFO - Started process (PID=1256) to work on /opt/airflow/dags/team2_dag.py
[2022-07-30 00:45:58,102] {processor.py:641} INFO - Processing file /opt/airflow/dags/team2_dag.py for tasks to queue
[2022-07-30 00:45:58,103] {logging_mixin.py:115} INFO - [2022-07-30 00:45:58,103] {dagbag.py:507} INFO - Filling up the DagBag from /opt/airflow/dags/team2_dag.py
[2022-07-30 00:45:58,141] {processor.py:651} INFO - DAG(s) dict_keys(['my_dag']) retrieved from /opt/airflow/dags/team2_dag.py
[2022-07-30 00:45:58,255] {logging_mixin.py:115} INFO - [2022-07-30 00:45:58,254] {dag.py:2379} INFO - Sync 1 DAGs
[2022-07-30 00:45:58,383] {logging_mixin.py:115} INFO - [2022-07-30 00:45:58,382] {dag.py:2931} INFO - Setting next_dagrun for my_dag to 2022-07-30T00:00:00+00:00, run_after=2022-07-31T00:00:00+00:00
[2022-07-30 00:45:58,409] {processor.py:161} INFO - Processing /opt/airflow/dags/team2_dag.py took 0.322 seconds
[2022-07-30 00:46:28,570] {processor.py:153} INFO - Started process (PID=1279) to work on /opt/airflow/dags/team2_dag.py
[2022-07-30 00:46:28,573] {processor.py:641} INFO - Processing file /opt/airflow/dags/team2_dag.py for tasks to queue
[2022-07-30 00:46:28,575] {logging_mixin.py:115} INFO - [2022-07-30 00:46:28,574] {dagbag.py:507} INFO - Filling up the DagBag from /opt/airflow/dags/team2_dag.py
[2022-07-30 00:46:28,613] {processor.py:651} INFO - DAG(s) dict_keys(['my_dag']) retrieved from /opt/airflow/dags/team2_dag.py
[2022-07-30 00:46:28,737] {logging_mixin.py:115} INFO - [2022-07-30 00:46:28,736] {dag.py:2379} INFO - Sync 1 DAGs
[2022-07-30 00:46:28,898] {logging_mixin.py:115} INFO - [2022-07-30 00:46:28,897] {dag.py:2931} INFO - Setting next_dagrun for my_dag to 2022-07-30T00:00:00+00:00, run_after=2022-07-31T00:00:00+00:00
[2022-07-30 00:46:28,940] {processor.py:161} INFO - Processing /opt/airflow/dags/team2_dag.py took 0.397 seconds
[2022-07-30 00:46:59,317] {processor.py:153} INFO - Started process (PID=1302) to work on /opt/airflow/dags/team2_dag.py
[2022-07-30 00:46:59,323] {processor.py:641} INFO - Processing file /opt/airflow/dags/team2_dag.py for tasks to queue
[2022-07-30 00:46:59,330] {logging_mixin.py:115} INFO - [2022-07-30 00:46:59,329] {dagbag.py:507} INFO - Filling up the DagBag from /opt/airflow/dags/team2_dag.py
[2022-07-30 00:46:59,716] {processor.py:651} INFO - DAG(s) dict_keys(['my_dag']) retrieved from /opt/airflow/dags/team2_dag.py
[2022-07-30 00:47:00,221] {logging_mixin.py:115} INFO - [2022-07-30 00:47:00,220] {dag.py:2379} INFO - Sync 1 DAGs
[2022-07-30 00:47:00,533] {logging_mixin.py:115} INFO - [2022-07-30 00:47:00,532] {dag.py:2931} INFO - Setting next_dagrun for my_dag to 2022-07-30T00:00:00+00:00, run_after=2022-07-31T00:00:00+00:00
[2022-07-30 00:47:00,613] {processor.py:161} INFO - Processing /opt/airflow/dags/team2_dag.py took 1.359 seconds
[2022-07-30 00:47:30,907] {processor.py:153} INFO - Started process (PID=1324) to work on /opt/airflow/dags/team2_dag.py
[2022-07-30 00:47:30,914] {processor.py:641} INFO - Processing file /opt/airflow/dags/team2_dag.py for tasks to queue
[2022-07-30 00:47:30,921] {logging_mixin.py:115} INFO - [2022-07-30 00:47:30,920] {dagbag.py:507} INFO - Filling up the DagBag from /opt/airflow/dags/team2_dag.py
[2022-07-30 00:47:31,324] {processor.py:651} INFO - DAG(s) dict_keys(['my_dag']) retrieved from /opt/airflow/dags/team2_dag.py
[2022-07-30 00:47:31,840] {logging_mixin.py:115} INFO - [2022-07-30 00:47:31,840] {dag.py:2379} INFO - Sync 1 DAGs
[2022-07-30 00:47:32,138] {logging_mixin.py:115} INFO - [2022-07-30 00:47:32,137] {dag.py:2931} INFO - Setting next_dagrun for my_dag to 2022-07-30T00:00:00+00:00, run_after=2022-07-31T00:00:00+00:00
[2022-07-30 00:47:32,222] {processor.py:161} INFO - Processing /opt/airflow/dags/team2_dag.py took 1.371 seconds
[2022-07-30 00:48:02,477] {processor.py:153} INFO - Started process (PID=1346) to work on /opt/airflow/dags/team2_dag.py
[2022-07-30 00:48:02,482] {processor.py:641} INFO - Processing file /opt/airflow/dags/team2_dag.py for tasks to queue
[2022-07-30 00:48:02,485] {logging_mixin.py:115} INFO - [2022-07-30 00:48:02,485] {dagbag.py:507} INFO - Filling up the DagBag from /opt/airflow/dags/team2_dag.py
[2022-07-30 00:48:02,540] {processor.py:651} INFO - DAG(s) dict_keys(['my_dag']) retrieved from /opt/airflow/dags/team2_dag.py
[2022-07-30 00:48:02,647] {logging_mixin.py:115} INFO - [2022-07-30 00:48:02,646] {dag.py:2379} INFO - Sync 1 DAGs
[2022-07-30 00:48:02,751] {logging_mixin.py:115} INFO - [2022-07-30 00:48:02,750] {dag.py:2931} INFO - Setting next_dagrun for my_dag to 2022-07-30T00:00:00+00:00, run_after=2022-07-31T00:00:00+00:00
[2022-07-30 00:48:02,791] {processor.py:161} INFO - Processing /opt/airflow/dags/team2_dag.py took 0.340 seconds
[2022-07-30 00:48:32,916] {processor.py:153} INFO - Started process (PID=1369) to work on /opt/airflow/dags/team2_dag.py
[2022-07-30 00:48:32,917] {processor.py:641} INFO - Processing file /opt/airflow/dags/team2_dag.py for tasks to queue
[2022-07-30 00:48:32,919] {logging_mixin.py:115} INFO - [2022-07-30 00:48:32,919] {dagbag.py:507} INFO - Filling up the DagBag from /opt/airflow/dags/team2_dag.py
[2022-07-30 00:48:32,956] {processor.py:651} INFO - DAG(s) dict_keys(['my_dag']) retrieved from /opt/airflow/dags/team2_dag.py
[2022-07-30 00:48:33,039] {logging_mixin.py:115} INFO - [2022-07-30 00:48:33,039] {dag.py:2379} INFO - Sync 1 DAGs
[2022-07-30 00:48:33,126] {logging_mixin.py:115} INFO - [2022-07-30 00:48:33,125] {dag.py:2931} INFO - Setting next_dagrun for my_dag to 2022-07-30T00:00:00+00:00, run_after=2022-07-31T00:00:00+00:00
[2022-07-30 00:48:33,157] {processor.py:161} INFO - Processing /opt/airflow/dags/team2_dag.py took 0.253 seconds
[2022-07-30 00:49:03,288] {processor.py:153} INFO - Started process (PID=1392) to work on /opt/airflow/dags/team2_dag.py
[2022-07-30 00:49:03,291] {processor.py:641} INFO - Processing file /opt/airflow/dags/team2_dag.py for tasks to queue
[2022-07-30 00:49:03,293] {logging_mixin.py:115} INFO - [2022-07-30 00:49:03,293] {dagbag.py:507} INFO - Filling up the DagBag from /opt/airflow/dags/team2_dag.py
[2022-07-30 00:49:03,329] {processor.py:651} INFO - DAG(s) dict_keys(['my_dag']) retrieved from /opt/airflow/dags/team2_dag.py
[2022-07-30 00:49:03,423] {logging_mixin.py:115} INFO - [2022-07-30 00:49:03,423] {dag.py:2379} INFO - Sync 1 DAGs
[2022-07-30 00:49:03,535] {logging_mixin.py:115} INFO - [2022-07-30 00:49:03,534] {dag.py:2931} INFO - Setting next_dagrun for my_dag to 2022-07-30T00:00:00+00:00, run_after=2022-07-31T00:00:00+00:00
[2022-07-30 00:49:03,575] {processor.py:161} INFO - Processing /opt/airflow/dags/team2_dag.py took 0.304 seconds
[2022-07-30 00:49:33,683] {processor.py:153} INFO - Started process (PID=1415) to work on /opt/airflow/dags/team2_dag.py
[2022-07-30 00:49:33,686] {processor.py:641} INFO - Processing file /opt/airflow/dags/team2_dag.py for tasks to queue
[2022-07-30 00:49:33,688] {logging_mixin.py:115} INFO - [2022-07-30 00:49:33,688] {dagbag.py:507} INFO - Filling up the DagBag from /opt/airflow/dags/team2_dag.py
[2022-07-30 00:49:33,723] {processor.py:651} INFO - DAG(s) dict_keys(['my_dag']) retrieved from /opt/airflow/dags/team2_dag.py
[2022-07-30 00:49:33,804] {logging_mixin.py:115} INFO - [2022-07-30 00:49:33,803] {dag.py:2379} INFO - Sync 1 DAGs
[2022-07-30 00:49:33,912] {logging_mixin.py:115} INFO - [2022-07-30 00:49:33,912] {dag.py:2931} INFO - Setting next_dagrun for my_dag to 2022-07-30T00:00:00+00:00, run_after=2022-07-31T00:00:00+00:00
[2022-07-30 00:49:33,952] {processor.py:161} INFO - Processing /opt/airflow/dags/team2_dag.py took 0.281 seconds
[2022-07-30 00:50:04,082] {processor.py:153} INFO - Started process (PID=1437) to work on /opt/airflow/dags/team2_dag.py
[2022-07-30 00:50:04,083] {processor.py:641} INFO - Processing file /opt/airflow/dags/team2_dag.py for tasks to queue
[2022-07-30 00:50:04,084] {logging_mixin.py:115} INFO - [2022-07-30 00:50:04,084] {dagbag.py:507} INFO - Filling up the DagBag from /opt/airflow/dags/team2_dag.py
[2022-07-30 00:50:04,125] {processor.py:651} INFO - DAG(s) dict_keys(['my_dag']) retrieved from /opt/airflow/dags/team2_dag.py
[2022-07-30 00:50:04,234] {logging_mixin.py:115} INFO - [2022-07-30 00:50:04,234] {dag.py:2379} INFO - Sync 1 DAGs
[2022-07-30 00:50:04,341] {logging_mixin.py:115} INFO - [2022-07-30 00:50:04,341] {dag.py:2931} INFO - Setting next_dagrun for my_dag to 2022-07-30T00:00:00+00:00, run_after=2022-07-31T00:00:00+00:00
[2022-07-30 00:50:04,376] {processor.py:161} INFO - Processing /opt/airflow/dags/team2_dag.py took 0.310 seconds
[2022-07-30 00:50:34,499] {processor.py:153} INFO - Started process (PID=1460) to work on /opt/airflow/dags/team2_dag.py
[2022-07-30 00:50:34,502] {processor.py:641} INFO - Processing file /opt/airflow/dags/team2_dag.py for tasks to queue
[2022-07-30 00:50:34,504] {logging_mixin.py:115} INFO - [2022-07-30 00:50:34,504] {dagbag.py:507} INFO - Filling up the DagBag from /opt/airflow/dags/team2_dag.py
[2022-07-30 00:50:34,556] {processor.py:651} INFO - DAG(s) dict_keys(['my_dag']) retrieved from /opt/airflow/dags/team2_dag.py
[2022-07-30 00:50:34,668] {logging_mixin.py:115} INFO - [2022-07-30 00:50:34,668] {dag.py:2379} INFO - Sync 1 DAGs
[2022-07-30 00:50:34,779] {logging_mixin.py:115} INFO - [2022-07-30 00:50:34,779] {dag.py:2931} INFO - Setting next_dagrun for my_dag to 2022-07-30T00:00:00+00:00, run_after=2022-07-31T00:00:00+00:00
[2022-07-30 00:50:34,807] {processor.py:161} INFO - Processing /opt/airflow/dags/team2_dag.py took 0.325 seconds
[2022-07-30 00:51:04,933] {processor.py:153} INFO - Started process (PID=1483) to work on /opt/airflow/dags/team2_dag.py
[2022-07-30 00:51:04,936] {processor.py:641} INFO - Processing file /opt/airflow/dags/team2_dag.py for tasks to queue
[2022-07-30 00:51:04,938] {logging_mixin.py:115} INFO - [2022-07-30 00:51:04,938] {dagbag.py:507} INFO - Filling up the DagBag from /opt/airflow/dags/team2_dag.py
[2022-07-30 00:51:04,995] {processor.py:651} INFO - DAG(s) dict_keys(['my_dag']) retrieved from /opt/airflow/dags/team2_dag.py
[2022-07-30 00:51:05,081] {logging_mixin.py:115} INFO - [2022-07-30 00:51:05,081] {dag.py:2379} INFO - Sync 1 DAGs
[2022-07-30 00:51:05,151] {logging_mixin.py:115} INFO - [2022-07-30 00:51:05,151] {dag.py:2931} INFO - Setting next_dagrun for my_dag to 2022-07-30T00:00:00+00:00, run_after=2022-07-31T00:00:00+00:00
[2022-07-30 00:51:05,179] {processor.py:161} INFO - Processing /opt/airflow/dags/team2_dag.py took 0.263 seconds
[2022-07-30 00:51:35,299] {processor.py:153} INFO - Started process (PID=1507) to work on /opt/airflow/dags/team2_dag.py
[2022-07-30 00:51:35,302] {processor.py:641} INFO - Processing file /opt/airflow/dags/team2_dag.py for tasks to queue
[2022-07-30 00:51:35,304] {logging_mixin.py:115} INFO - [2022-07-30 00:51:35,304] {dagbag.py:507} INFO - Filling up the DagBag from /opt/airflow/dags/team2_dag.py
[2022-07-30 00:51:35,357] {processor.py:651} INFO - DAG(s) dict_keys(['my_dag']) retrieved from /opt/airflow/dags/team2_dag.py
[2022-07-30 00:51:35,476] {logging_mixin.py:115} INFO - [2022-07-30 00:51:35,475] {dag.py:2379} INFO - Sync 1 DAGs
[2022-07-30 00:51:35,587] {logging_mixin.py:115} INFO - [2022-07-30 00:51:35,587] {dag.py:2931} INFO - Setting next_dagrun for my_dag to 2022-07-30T00:00:00+00:00, run_after=2022-07-31T00:00:00+00:00
[2022-07-30 00:51:35,624] {processor.py:161} INFO - Processing /opt/airflow/dags/team2_dag.py took 0.346 seconds
[2022-07-30 00:52:05,751] {processor.py:153} INFO - Started process (PID=1528) to work on /opt/airflow/dags/team2_dag.py
[2022-07-30 00:52:05,753] {processor.py:641} INFO - Processing file /opt/airflow/dags/team2_dag.py for tasks to queue
[2022-07-30 00:52:05,755] {logging_mixin.py:115} INFO - [2022-07-30 00:52:05,754] {dagbag.py:507} INFO - Filling up the DagBag from /opt/airflow/dags/team2_dag.py
[2022-07-30 00:52:05,784] {processor.py:651} INFO - DAG(s) dict_keys(['my_dag']) retrieved from /opt/airflow/dags/team2_dag.py
[2022-07-30 00:52:05,863] {logging_mixin.py:115} INFO - [2022-07-30 00:52:05,863] {dag.py:2379} INFO - Sync 1 DAGs
[2022-07-30 00:52:05,957] {logging_mixin.py:115} INFO - [2022-07-30 00:52:05,956] {dag.py:2931} INFO - Setting next_dagrun for my_dag to 2022-07-30T00:00:00+00:00, run_after=2022-07-31T00:00:00+00:00
[2022-07-30 00:52:05,988] {processor.py:161} INFO - Processing /opt/airflow/dags/team2_dag.py took 0.250 seconds
[2022-07-30 00:52:26,830] {processor.py:153} INFO - Started process (PID=1543) to work on /opt/airflow/dags/team2_dag.py
[2022-07-30 00:52:26,833] {processor.py:641} INFO - Processing file /opt/airflow/dags/team2_dag.py for tasks to queue
[2022-07-30 00:52:26,835] {logging_mixin.py:115} INFO - [2022-07-30 00:52:26,835] {dagbag.py:507} INFO - Filling up the DagBag from /opt/airflow/dags/team2_dag.py
[2022-07-30 00:52:26,884] {processor.py:651} INFO - DAG(s) dict_keys(['my_dag']) retrieved from /opt/airflow/dags/team2_dag.py
[2022-07-30 00:52:27,195] {logging_mixin.py:115} INFO - [2022-07-30 00:52:27,195] {dag.py:2379} INFO - Sync 1 DAGs
[2022-07-30 00:52:27,264] {logging_mixin.py:115} INFO - [2022-07-30 00:52:27,263] {dag.py:2931} INFO - Setting next_dagrun for my_dag to 2022-07-30T00:00:00+00:00, run_after=2022-07-31T00:00:00+00:00
[2022-07-30 00:52:27,298] {processor.py:161} INFO - Processing /opt/airflow/dags/team2_dag.py took 0.484 seconds
[2022-07-30 00:52:57,442] {processor.py:153} INFO - Started process (PID=1565) to work on /opt/airflow/dags/team2_dag.py
[2022-07-30 00:52:57,445] {processor.py:641} INFO - Processing file /opt/airflow/dags/team2_dag.py for tasks to queue
[2022-07-30 00:52:57,447] {logging_mixin.py:115} INFO - [2022-07-30 00:52:57,447] {dagbag.py:507} INFO - Filling up the DagBag from /opt/airflow/dags/team2_dag.py
[2022-07-30 00:52:57,480] {processor.py:651} INFO - DAG(s) dict_keys(['my_dag']) retrieved from /opt/airflow/dags/team2_dag.py
[2022-07-30 00:52:57,572] {logging_mixin.py:115} INFO - [2022-07-30 00:52:57,572] {dag.py:2379} INFO - Sync 1 DAGs
[2022-07-30 00:52:57,654] {logging_mixin.py:115} INFO - [2022-07-30 00:52:57,654] {dag.py:2931} INFO - Setting next_dagrun for my_dag to 2022-07-30T00:00:00+00:00, run_after=2022-07-31T00:00:00+00:00
[2022-07-30 00:52:57,685] {processor.py:161} INFO - Processing /opt/airflow/dags/team2_dag.py took 0.254 seconds
[2022-07-30 00:53:27,805] {processor.py:153} INFO - Started process (PID=1587) to work on /opt/airflow/dags/team2_dag.py
[2022-07-30 00:53:27,808] {processor.py:641} INFO - Processing file /opt/airflow/dags/team2_dag.py for tasks to queue
[2022-07-30 00:53:27,811] {logging_mixin.py:115} INFO - [2022-07-30 00:53:27,810] {dagbag.py:507} INFO - Filling up the DagBag from /opt/airflow/dags/team2_dag.py
[2022-07-30 00:53:27,866] {processor.py:651} INFO - DAG(s) dict_keys(['my_dag']) retrieved from /opt/airflow/dags/team2_dag.py
[2022-07-30 00:53:27,997] {logging_mixin.py:115} INFO - [2022-07-30 00:53:27,996] {dag.py:2379} INFO - Sync 1 DAGs
[2022-07-30 00:53:28,111] {logging_mixin.py:115} INFO - [2022-07-30 00:53:28,110] {dag.py:2931} INFO - Setting next_dagrun for my_dag to 2022-07-30T00:00:00+00:00, run_after=2022-07-31T00:00:00+00:00
[2022-07-30 00:53:28,148] {processor.py:161} INFO - Processing /opt/airflow/dags/team2_dag.py took 0.358 seconds
[2022-07-30 00:53:58,281] {processor.py:153} INFO - Started process (PID=1609) to work on /opt/airflow/dags/team2_dag.py
[2022-07-30 00:53:58,283] {processor.py:641} INFO - Processing file /opt/airflow/dags/team2_dag.py for tasks to queue
[2022-07-30 00:53:58,285] {logging_mixin.py:115} INFO - [2022-07-30 00:53:58,285] {dagbag.py:507} INFO - Filling up the DagBag from /opt/airflow/dags/team2_dag.py
[2022-07-30 00:53:58,324] {processor.py:651} INFO - DAG(s) dict_keys(['my_dag']) retrieved from /opt/airflow/dags/team2_dag.py
[2022-07-30 00:53:58,441] {logging_mixin.py:115} INFO - [2022-07-30 00:53:58,441] {dag.py:2379} INFO - Sync 1 DAGs
[2022-07-30 00:53:58,522] {logging_mixin.py:115} INFO - [2022-07-30 00:53:58,522] {dag.py:2931} INFO - Setting next_dagrun for my_dag to 2022-07-30T00:00:00+00:00, run_after=2022-07-31T00:00:00+00:00
[2022-07-30 00:53:58,559] {processor.py:161} INFO - Processing /opt/airflow/dags/team2_dag.py took 0.298 seconds
[2022-07-30 00:54:28,692] {processor.py:153} INFO - Started process (PID=1633) to work on /opt/airflow/dags/team2_dag.py
[2022-07-30 00:54:28,694] {processor.py:641} INFO - Processing file /opt/airflow/dags/team2_dag.py for tasks to queue
[2022-07-30 00:54:28,696] {logging_mixin.py:115} INFO - [2022-07-30 00:54:28,696] {dagbag.py:507} INFO - Filling up the DagBag from /opt/airflow/dags/team2_dag.py
[2022-07-30 00:54:28,732] {processor.py:651} INFO - DAG(s) dict_keys(['my_dag']) retrieved from /opt/airflow/dags/team2_dag.py
[2022-07-30 00:54:28,826] {logging_mixin.py:115} INFO - [2022-07-30 00:54:28,826] {dag.py:2379} INFO - Sync 1 DAGs
[2022-07-30 00:54:28,915] {logging_mixin.py:115} INFO - [2022-07-30 00:54:28,915] {dag.py:2931} INFO - Setting next_dagrun for my_dag to 2022-07-30T00:00:00+00:00, run_after=2022-07-31T00:00:00+00:00
[2022-07-30 00:54:28,950] {processor.py:161} INFO - Processing /opt/airflow/dags/team2_dag.py took 0.271 seconds
[2022-07-30 00:54:59,068] {processor.py:153} INFO - Started process (PID=1654) to work on /opt/airflow/dags/team2_dag.py
[2022-07-30 00:54:59,070] {processor.py:641} INFO - Processing file /opt/airflow/dags/team2_dag.py for tasks to queue
[2022-07-30 00:54:59,072] {logging_mixin.py:115} INFO - [2022-07-30 00:54:59,071] {dagbag.py:507} INFO - Filling up the DagBag from /opt/airflow/dags/team2_dag.py
[2022-07-30 00:54:59,111] {processor.py:651} INFO - DAG(s) dict_keys(['my_dag']) retrieved from /opt/airflow/dags/team2_dag.py
[2022-07-30 00:54:59,222] {logging_mixin.py:115} INFO - [2022-07-30 00:54:59,221] {dag.py:2379} INFO - Sync 1 DAGs
[2022-07-30 00:54:59,325] {logging_mixin.py:115} INFO - [2022-07-30 00:54:59,325] {dag.py:2931} INFO - Setting next_dagrun for my_dag to 2022-07-30T00:00:00+00:00, run_after=2022-07-31T00:00:00+00:00
[2022-07-30 00:54:59,350] {processor.py:161} INFO - Processing /opt/airflow/dags/team2_dag.py took 0.297 seconds
[2022-07-30 00:55:29,516] {processor.py:153} INFO - Started process (PID=1675) to work on /opt/airflow/dags/team2_dag.py
[2022-07-30 00:55:29,518] {processor.py:641} INFO - Processing file /opt/airflow/dags/team2_dag.py for tasks to queue
[2022-07-30 00:55:29,520] {logging_mixin.py:115} INFO - [2022-07-30 00:55:29,520] {dagbag.py:507} INFO - Filling up the DagBag from /opt/airflow/dags/team2_dag.py
[2022-07-30 00:55:29,577] {processor.py:651} INFO - DAG(s) dict_keys(['my_dag']) retrieved from /opt/airflow/dags/team2_dag.py
[2022-07-30 00:55:29,661] {logging_mixin.py:115} INFO - [2022-07-30 00:55:29,661] {dag.py:2379} INFO - Sync 1 DAGs
[2022-07-30 00:55:29,735] {logging_mixin.py:115} INFO - [2022-07-30 00:55:29,734] {dag.py:2931} INFO - Setting next_dagrun for my_dag to 2022-07-30T00:00:00+00:00, run_after=2022-07-31T00:00:00+00:00
[2022-07-30 00:55:29,759] {processor.py:161} INFO - Processing /opt/airflow/dags/team2_dag.py took 0.271 seconds
[2022-07-30 00:55:59,866] {processor.py:153} INFO - Started process (PID=1691) to work on /opt/airflow/dags/team2_dag.py
[2022-07-30 00:55:59,868] {processor.py:641} INFO - Processing file /opt/airflow/dags/team2_dag.py for tasks to queue
[2022-07-30 00:55:59,870] {logging_mixin.py:115} INFO - [2022-07-30 00:55:59,870] {dagbag.py:507} INFO - Filling up the DagBag from /opt/airflow/dags/team2_dag.py
[2022-07-30 00:55:59,922] {processor.py:651} INFO - DAG(s) dict_keys(['my_dag']) retrieved from /opt/airflow/dags/team2_dag.py
[2022-07-30 00:56:00,098] {logging_mixin.py:115} INFO - [2022-07-30 00:56:00,098] {dag.py:2379} INFO - Sync 1 DAGs
[2022-07-30 00:56:00,236] {logging_mixin.py:115} INFO - [2022-07-30 00:56:00,236] {dag.py:2931} INFO - Setting next_dagrun for my_dag to 2022-07-30T00:00:00+00:00, run_after=2022-07-31T00:00:00+00:00
[2022-07-30 00:56:00,266] {processor.py:161} INFO - Processing /opt/airflow/dags/team2_dag.py took 0.411 seconds
[2022-07-30 00:56:30,402] {processor.py:153} INFO - Started process (PID=1712) to work on /opt/airflow/dags/team2_dag.py
[2022-07-30 00:56:30,405] {processor.py:641} INFO - Processing file /opt/airflow/dags/team2_dag.py for tasks to queue
[2022-07-30 00:56:30,407] {logging_mixin.py:115} INFO - [2022-07-30 00:56:30,407] {dagbag.py:507} INFO - Filling up the DagBag from /opt/airflow/dags/team2_dag.py
[2022-07-30 00:56:30,450] {processor.py:651} INFO - DAG(s) dict_keys(['my_dag']) retrieved from /opt/airflow/dags/team2_dag.py
[2022-07-30 00:56:30,541] {logging_mixin.py:115} INFO - [2022-07-30 00:56:30,541] {dag.py:2379} INFO - Sync 1 DAGs
[2022-07-30 00:56:30,622] {logging_mixin.py:115} INFO - [2022-07-30 00:56:30,622] {dag.py:2931} INFO - Setting next_dagrun for my_dag to 2022-07-30T00:00:00+00:00, run_after=2022-07-31T00:00:00+00:00
[2022-07-30 00:56:30,652] {processor.py:161} INFO - Processing /opt/airflow/dags/team2_dag.py took 0.265 seconds
[2022-07-30 00:57:00,781] {processor.py:153} INFO - Started process (PID=1735) to work on /opt/airflow/dags/team2_dag.py
[2022-07-30 00:57:00,782] {processor.py:641} INFO - Processing file /opt/airflow/dags/team2_dag.py for tasks to queue
[2022-07-30 00:57:00,784] {logging_mixin.py:115} INFO - [2022-07-30 00:57:00,784] {dagbag.py:507} INFO - Filling up the DagBag from /opt/airflow/dags/team2_dag.py
[2022-07-30 00:57:00,840] {processor.py:651} INFO - DAG(s) dict_keys(['my_dag']) retrieved from /opt/airflow/dags/team2_dag.py
[2022-07-30 00:57:00,974] {logging_mixin.py:115} INFO - [2022-07-30 00:57:00,974] {dag.py:2379} INFO - Sync 1 DAGs
[2022-07-30 00:57:01,079] {logging_mixin.py:115} INFO - [2022-07-30 00:57:01,079] {dag.py:2931} INFO - Setting next_dagrun for my_dag to 2022-07-30T00:00:00+00:00, run_after=2022-07-31T00:00:00+00:00
[2022-07-30 00:57:01,121] {processor.py:161} INFO - Processing /opt/airflow/dags/team2_dag.py took 0.355 seconds
[2022-07-30 00:57:31,257] {processor.py:153} INFO - Started process (PID=1757) to work on /opt/airflow/dags/team2_dag.py
[2022-07-30 00:57:31,258] {processor.py:641} INFO - Processing file /opt/airflow/dags/team2_dag.py for tasks to queue
[2022-07-30 00:57:31,260] {logging_mixin.py:115} INFO - [2022-07-30 00:57:31,260] {dagbag.py:507} INFO - Filling up the DagBag from /opt/airflow/dags/team2_dag.py
[2022-07-30 00:57:31,301] {processor.py:651} INFO - DAG(s) dict_keys(['my_dag']) retrieved from /opt/airflow/dags/team2_dag.py
[2022-07-30 00:57:31,428] {logging_mixin.py:115} INFO - [2022-07-30 00:57:31,428] {dag.py:2379} INFO - Sync 1 DAGs
[2022-07-30 00:57:31,515] {logging_mixin.py:115} INFO - [2022-07-30 00:57:31,515] {dag.py:2931} INFO - Setting next_dagrun for my_dag to 2022-07-30T00:00:00+00:00, run_after=2022-07-31T00:00:00+00:00
[2022-07-30 00:57:31,554] {processor.py:161} INFO - Processing /opt/airflow/dags/team2_dag.py took 0.311 seconds
[2022-07-30 00:57:37,278] {processor.py:153} INFO - Started process (PID=1766) to work on /opt/airflow/dags/team2_dag.py
[2022-07-30 00:57:37,280] {processor.py:641} INFO - Processing file /opt/airflow/dags/team2_dag.py for tasks to queue
[2022-07-30 00:57:37,282] {logging_mixin.py:115} INFO - [2022-07-30 00:57:37,282] {dagbag.py:507} INFO - Filling up the DagBag from /opt/airflow/dags/team2_dag.py
[2022-07-30 00:57:37,316] {processor.py:651} INFO - DAG(s) dict_keys(['my_dag']) retrieved from /opt/airflow/dags/team2_dag.py
[2022-07-30 00:57:37,497] {logging_mixin.py:115} INFO - [2022-07-30 00:57:37,497] {dag.py:2379} INFO - Sync 1 DAGs
[2022-07-30 00:57:37,567] {logging_mixin.py:115} INFO - [2022-07-30 00:57:37,567] {dag.py:2931} INFO - Setting next_dagrun for my_dag to 2022-07-30T00:00:00+00:00, run_after=2022-07-31T00:00:00+00:00
[2022-07-30 00:57:37,597] {processor.py:161} INFO - Processing /opt/airflow/dags/team2_dag.py took 0.332 seconds
[2022-07-30 00:58:07,758] {processor.py:153} INFO - Started process (PID=1789) to work on /opt/airflow/dags/team2_dag.py
[2022-07-30 00:58:07,761] {processor.py:641} INFO - Processing file /opt/airflow/dags/team2_dag.py for tasks to queue
[2022-07-30 00:58:07,763] {logging_mixin.py:115} INFO - [2022-07-30 00:58:07,762] {dagbag.py:507} INFO - Filling up the DagBag from /opt/airflow/dags/team2_dag.py
[2022-07-30 00:58:07,799] {processor.py:651} INFO - DAG(s) dict_keys(['my_dag']) retrieved from /opt/airflow/dags/team2_dag.py
[2022-07-30 00:58:07,880] {logging_mixin.py:115} INFO - [2022-07-30 00:58:07,880] {dag.py:2379} INFO - Sync 1 DAGs
[2022-07-30 00:58:07,953] {logging_mixin.py:115} INFO - [2022-07-30 00:58:07,953] {dag.py:2931} INFO - Setting next_dagrun for my_dag to 2022-07-30T00:00:00+00:00, run_after=2022-07-31T00:00:00+00:00
[2022-07-30 00:58:07,982] {processor.py:161} INFO - Processing /opt/airflow/dags/team2_dag.py took 0.238 seconds
[2022-07-30 00:58:38,101] {processor.py:153} INFO - Started process (PID=1809) to work on /opt/airflow/dags/team2_dag.py
[2022-07-30 00:58:38,102] {processor.py:641} INFO - Processing file /opt/airflow/dags/team2_dag.py for tasks to queue
[2022-07-30 00:58:38,103] {logging_mixin.py:115} INFO - [2022-07-30 00:58:38,103] {dagbag.py:507} INFO - Filling up the DagBag from /opt/airflow/dags/team2_dag.py
[2022-07-30 00:58:38,137] {processor.py:651} INFO - DAG(s) dict_keys(['my_dag']) retrieved from /opt/airflow/dags/team2_dag.py
[2022-07-30 00:58:38,236] {logging_mixin.py:115} INFO - [2022-07-30 00:58:38,235] {dag.py:2379} INFO - Sync 1 DAGs
[2022-07-30 00:58:38,347] {logging_mixin.py:115} INFO - [2022-07-30 00:58:38,347] {dag.py:2931} INFO - Setting next_dagrun for my_dag to 2022-07-30T00:00:00+00:00, run_after=2022-07-31T00:00:00+00:00
[2022-07-30 00:58:38,382] {processor.py:161} INFO - Processing /opt/airflow/dags/team2_dag.py took 0.296 seconds
[2022-07-30 00:59:08,515] {processor.py:153} INFO - Started process (PID=1830) to work on /opt/airflow/dags/team2_dag.py
[2022-07-30 00:59:08,517] {processor.py:641} INFO - Processing file /opt/airflow/dags/team2_dag.py for tasks to queue
[2022-07-30 00:59:08,520] {logging_mixin.py:115} INFO - [2022-07-30 00:59:08,519] {dagbag.py:507} INFO - Filling up the DagBag from /opt/airflow/dags/team2_dag.py
[2022-07-30 00:59:08,576] {processor.py:651} INFO - DAG(s) dict_keys(['my_dag']) retrieved from /opt/airflow/dags/team2_dag.py
[2022-07-30 00:59:08,683] {logging_mixin.py:115} INFO - [2022-07-30 00:59:08,683] {dag.py:2379} INFO - Sync 1 DAGs
[2022-07-30 00:59:08,767] {logging_mixin.py:115} INFO - [2022-07-30 00:59:08,767] {dag.py:2931} INFO - Setting next_dagrun for my_dag to 2022-07-30T00:00:00+00:00, run_after=2022-07-31T00:00:00+00:00
[2022-07-30 00:59:08,801] {processor.py:161} INFO - Processing /opt/airflow/dags/team2_dag.py took 0.306 seconds
[2022-07-30 00:59:18,863] {processor.py:153} INFO - Started process (PID=1838) to work on /opt/airflow/dags/team2_dag.py
[2022-07-30 00:59:18,865] {processor.py:641} INFO - Processing file /opt/airflow/dags/team2_dag.py for tasks to queue
[2022-07-30 00:59:18,866] {logging_mixin.py:115} INFO - [2022-07-30 00:59:18,866] {dagbag.py:507} INFO - Filling up the DagBag from /opt/airflow/dags/team2_dag.py
[2022-07-30 00:59:18,898] {processor.py:651} INFO - DAG(s) dict_keys(['my_dag']) retrieved from /opt/airflow/dags/team2_dag.py
[2022-07-30 00:59:19,134] {logging_mixin.py:115} INFO - [2022-07-30 00:59:19,134] {dag.py:2379} INFO - Sync 1 DAGs
[2022-07-30 00:59:19,198] {logging_mixin.py:115} INFO - [2022-07-30 00:59:19,198] {dag.py:2931} INFO - Setting next_dagrun for my_dag to 2022-07-30T00:00:00+00:00, run_after=2022-07-31T00:00:00+00:00
[2022-07-30 00:59:19,232] {processor.py:161} INFO - Processing /opt/airflow/dags/team2_dag.py took 0.380 seconds
[2022-07-30 00:59:49,370] {processor.py:153} INFO - Started process (PID=1860) to work on /opt/airflow/dags/team2_dag.py
[2022-07-30 00:59:49,376] {processor.py:641} INFO - Processing file /opt/airflow/dags/team2_dag.py for tasks to queue
[2022-07-30 00:59:49,378] {logging_mixin.py:115} INFO - [2022-07-30 00:59:49,377] {dagbag.py:507} INFO - Filling up the DagBag from /opt/airflow/dags/team2_dag.py
[2022-07-30 00:59:49,415] {processor.py:651} INFO - DAG(s) dict_keys(['my_dag']) retrieved from /opt/airflow/dags/team2_dag.py
[2022-07-30 00:59:49,514] {logging_mixin.py:115} INFO - [2022-07-30 00:59:49,513] {dag.py:2379} INFO - Sync 1 DAGs
[2022-07-30 00:59:49,593] {logging_mixin.py:115} INFO - [2022-07-30 00:59:49,593] {dag.py:2931} INFO - Setting next_dagrun for my_dag to 2022-07-30T00:00:00+00:00, run_after=2022-07-31T00:00:00+00:00
[2022-07-30 00:59:49,618] {processor.py:161} INFO - Processing /opt/airflow/dags/team2_dag.py took 0.262 seconds
[2022-07-30 01:00:19,729] {processor.py:153} INFO - Started process (PID=1880) to work on /opt/airflow/dags/team2_dag.py
[2022-07-30 01:00:19,732] {processor.py:641} INFO - Processing file /opt/airflow/dags/team2_dag.py for tasks to queue
[2022-07-30 01:00:19,733] {logging_mixin.py:115} INFO - [2022-07-30 01:00:19,733] {dagbag.py:507} INFO - Filling up the DagBag from /opt/airflow/dags/team2_dag.py
[2022-07-30 01:00:19,769] {processor.py:651} INFO - DAG(s) dict_keys(['my_dag']) retrieved from /opt/airflow/dags/team2_dag.py
[2022-07-30 01:00:19,845] {logging_mixin.py:115} INFO - [2022-07-30 01:00:19,845] {dag.py:2379} INFO - Sync 1 DAGs
[2022-07-30 01:00:19,925] {logging_mixin.py:115} INFO - [2022-07-30 01:00:19,925] {dag.py:2931} INFO - Setting next_dagrun for my_dag to 2022-07-30T00:00:00+00:00, run_after=2022-07-31T00:00:00+00:00
[2022-07-30 01:00:19,950] {processor.py:161} INFO - Processing /opt/airflow/dags/team2_dag.py took 0.234 seconds
[2022-07-30 01:00:50,059] {processor.py:153} INFO - Started process (PID=1902) to work on /opt/airflow/dags/team2_dag.py
[2022-07-30 01:00:50,061] {processor.py:641} INFO - Processing file /opt/airflow/dags/team2_dag.py for tasks to queue
[2022-07-30 01:00:50,062] {logging_mixin.py:115} INFO - [2022-07-30 01:00:50,062] {dagbag.py:507} INFO - Filling up the DagBag from /opt/airflow/dags/team2_dag.py
[2022-07-30 01:00:50,092] {processor.py:651} INFO - DAG(s) dict_keys(['my_dag']) retrieved from /opt/airflow/dags/team2_dag.py
[2022-07-30 01:00:50,165] {logging_mixin.py:115} INFO - [2022-07-30 01:00:50,165] {dag.py:2379} INFO - Sync 1 DAGs
[2022-07-30 01:00:50,228] {logging_mixin.py:115} INFO - [2022-07-30 01:00:50,227] {dag.py:2931} INFO - Setting next_dagrun for my_dag to 2022-07-30T00:00:00+00:00, run_after=2022-07-31T00:00:00+00:00
[2022-07-30 01:00:50,255] {processor.py:161} INFO - Processing /opt/airflow/dags/team2_dag.py took 0.209 seconds
[2022-07-30 01:01:20,366] {processor.py:153} INFO - Started process (PID=1923) to work on /opt/airflow/dags/team2_dag.py
[2022-07-30 01:01:20,368] {processor.py:641} INFO - Processing file /opt/airflow/dags/team2_dag.py for tasks to queue
[2022-07-30 01:01:20,370] {logging_mixin.py:115} INFO - [2022-07-30 01:01:20,370] {dagbag.py:507} INFO - Filling up the DagBag from /opt/airflow/dags/team2_dag.py
[2022-07-30 01:01:20,407] {processor.py:651} INFO - DAG(s) dict_keys(['my_dag']) retrieved from /opt/airflow/dags/team2_dag.py
[2022-07-30 01:01:20,493] {logging_mixin.py:115} INFO - [2022-07-30 01:01:20,493] {dag.py:2379} INFO - Sync 1 DAGs
[2022-07-30 01:01:20,575] {logging_mixin.py:115} INFO - [2022-07-30 01:01:20,575] {dag.py:2931} INFO - Setting next_dagrun for my_dag to 2022-07-30T00:00:00+00:00, run_after=2022-07-31T00:00:00+00:00
[2022-07-30 01:01:20,608] {processor.py:161} INFO - Processing /opt/airflow/dags/team2_dag.py took 0.254 seconds
[2022-07-30 01:01:50,736] {processor.py:153} INFO - Started process (PID=1946) to work on /opt/airflow/dags/team2_dag.py
[2022-07-30 01:01:50,738] {processor.py:641} INFO - Processing file /opt/airflow/dags/team2_dag.py for tasks to queue
[2022-07-30 01:01:50,740] {logging_mixin.py:115} INFO - [2022-07-30 01:01:50,739] {dagbag.py:507} INFO - Filling up the DagBag from /opt/airflow/dags/team2_dag.py
[2022-07-30 01:01:50,777] {processor.py:651} INFO - DAG(s) dict_keys(['my_dag']) retrieved from /opt/airflow/dags/team2_dag.py
[2022-07-30 01:01:50,854] {logging_mixin.py:115} INFO - [2022-07-30 01:01:50,854] {dag.py:2379} INFO - Sync 1 DAGs
[2022-07-30 01:01:50,929] {logging_mixin.py:115} INFO - [2022-07-30 01:01:50,928] {dag.py:2931} INFO - Setting next_dagrun for my_dag to 2022-07-30T00:00:00+00:00, run_after=2022-07-31T00:00:00+00:00
[2022-07-30 01:01:50,955] {processor.py:161} INFO - Processing /opt/airflow/dags/team2_dag.py took 0.234 seconds
[2022-07-30 01:02:21,061] {processor.py:153} INFO - Started process (PID=1967) to work on /opt/airflow/dags/team2_dag.py
[2022-07-30 01:02:21,063] {processor.py:641} INFO - Processing file /opt/airflow/dags/team2_dag.py for tasks to queue
[2022-07-30 01:02:21,065] {logging_mixin.py:115} INFO - [2022-07-30 01:02:21,065] {dagbag.py:507} INFO - Filling up the DagBag from /opt/airflow/dags/team2_dag.py
[2022-07-30 01:02:21,098] {processor.py:651} INFO - DAG(s) dict_keys(['my_dag']) retrieved from /opt/airflow/dags/team2_dag.py
[2022-07-30 01:02:21,223] {logging_mixin.py:115} INFO - [2022-07-30 01:02:21,223] {dag.py:2379} INFO - Sync 1 DAGs
[2022-07-30 01:02:21,306] {logging_mixin.py:115} INFO - [2022-07-30 01:02:21,306] {dag.py:2931} INFO - Setting next_dagrun for my_dag to 2022-07-30T00:00:00+00:00, run_after=2022-07-31T00:00:00+00:00
[2022-07-30 01:02:21,331] {processor.py:161} INFO - Processing /opt/airflow/dags/team2_dag.py took 0.283 seconds
[2022-07-30 01:02:51,448] {processor.py:153} INFO - Started process (PID=1989) to work on /opt/airflow/dags/team2_dag.py
[2022-07-30 01:02:51,450] {processor.py:641} INFO - Processing file /opt/airflow/dags/team2_dag.py for tasks to queue
[2022-07-30 01:02:51,452] {logging_mixin.py:115} INFO - [2022-07-30 01:02:51,451] {dagbag.py:507} INFO - Filling up the DagBag from /opt/airflow/dags/team2_dag.py
[2022-07-30 01:02:51,497] {processor.py:651} INFO - DAG(s) dict_keys(['my_dag']) retrieved from /opt/airflow/dags/team2_dag.py
[2022-07-30 01:02:51,717] {logging_mixin.py:115} INFO - [2022-07-30 01:02:51,717] {dag.py:2379} INFO - Sync 1 DAGs
[2022-07-30 01:02:51,793] {logging_mixin.py:115} INFO - [2022-07-30 01:02:51,793] {dag.py:2931} INFO - Setting next_dagrun for my_dag to 2022-07-30T00:00:00+00:00, run_after=2022-07-31T00:00:00+00:00
[2022-07-30 01:02:51,832] {processor.py:161} INFO - Processing /opt/airflow/dags/team2_dag.py took 0.401 seconds
